This file contains any messages produced by compilers while
running configure, to aid debugging if configure makes a mistake.

It was created by libusrsctp configure 0.9.3.0, which was
generated by GNU Autoconf 2.69.  Invocation command line was

  $ ./configure --prefix=/usr --no-create --no-recursion

## --------- ##
## Platform. ##
## --------- ##

hostname = moensch-chef
uname -m = x86_64
uname -r = 4.8.0-58-generic
uname -s = Linux
uname -v = #63~16.04.1-Ubuntu SMP Mon Jun 26 18:08:51 UTC 2017

/usr/bin/uname -p = unknown
/bin/uname -X     = unknown

/bin/arch              = unknown
/usr/bin/arch -k       = unknown
/usr/convex/getsysinfo = unknown
/usr/bin/hostinfo      = unknown
/bin/machine           = unknown
/usr/bin/oslevel       = unknown
/bin/universe          = unknown

PATH: /usr/local/sbin
PATH: /usr/local/bin
PATH: /usr/sbin
PATH: /usr/bin
PATH: /sbin
PATH: /bin
PATH: /usr/games
PATH: /usr/local/games


## ----------- ##
## Core tests. ##
## ----------- ##

configure:2389: checking for a BSD-compatible install
configure:2457: result: /usr/bin/install -c
configure:2468: checking whether build environment is sane
configure:2523: result: yes
configure:2674: checking for a thread-safe mkdir -p
configure:2713: result: /bin/mkdir -p
configure:2720: checking for gawk
configure:2736: found /usr/bin/gawk
configure:2747: result: gawk
configure:2758: checking whether make sets $(MAKE)
configure:2780: result: yes
configure:2809: checking whether make supports nested variables
configure:2826: result: yes
configure:3001: checking for gcc
configure:3017: found /usr/bin/gcc
configure:3028: result: gcc
configure:3257: checking for C compiler version
configure:3266: gcc --version >&5
gcc (Ubuntu 5.4.0-6ubuntu1~16.04.4) 5.4.0 20160609
Copyright (C) 2015 Free Software Foundation, Inc.
This is free software; see the source for copying conditions.  There is NO
warranty; not even for MERCHANTABILITY or FITNESS FOR A PARTICULAR PURPOSE.

configure:3277: $? = 0
configure:3266: gcc -v >&5
Using built-in specs.
COLLECT_GCC=gcc
COLLECT_LTO_WRAPPER=/usr/lib/gcc/x86_64-linux-gnu/5/lto-wrapper
Target: x86_64-linux-gnu
Configured with: ../src/configure -v --with-pkgversion='Ubuntu 5.4.0-6ubuntu1~16.04.4' --with-bugurl=file:///usr/share/doc/gcc-5/README.Bugs --enable-languages=c,ada,c++,java,go,d,fortran,objc,obj-c++ --prefix=/usr --program-suffix=-5 --enable-shared --enable-linker-build-id --libexecdir=/usr/lib --without-included-gettext --enable-threads=posix --libdir=/usr/lib --enable-nls --with-sysroot=/ --enable-clocale=gnu --enable-libstdcxx-debug --enable-libstdcxx-time=yes --with-default-libstdcxx-abi=new --enable-gnu-unique-object --disable-vtable-verify --enable-libmpx --enable-plugin --with-system-zlib --disable-browser-plugin --enable-java-awt=gtk --enable-gtk-cairo --with-java-home=/usr/lib/jvm/java-1.5.0-gcj-5-amd64/jre --enable-java-home --with-jvm-root-dir=/usr/lib/jvm/java-1.5.0-gcj-5-amd64 --with-jvm-jar-dir=/usr/lib/jvm-exports/java-1.5.0-gcj-5-amd64 --with-arch-directory=amd64 --with-ecj-jar=/usr/share/java/eclipse-ecj.jar --enable-objc-gc --enable-multiarch --disable-werror --with-arch-32=i686 --with-abi=m64 --with-multilib-list=m32,m64,mx32 --enable-multilib --with-tune=generic --enable-checking=release --build=x86_64-linux-gnu --host=x86_64-linux-gnu --target=x86_64-linux-gnu
Thread model: posix
gcc version 5.4.0 20160609 (Ubuntu 5.4.0-6ubuntu1~16.04.4) 
configure:3277: $? = 0
configure:3266: gcc -V >&5
gcc: error: unrecognized command line option '-V'
gcc: fatal error: no input files
compilation terminated.
configure:3277: $? = 1
configure:3266: gcc -qversion >&5
gcc: error: unrecognized command line option '-qversion'
gcc: fatal error: no input files
compilation terminated.
configure:3277: $? = 1
configure:3297: checking whether the C compiler works
configure:3319: gcc    conftest.c  >&5
configure:3323: $? = 0
configure:3371: result: yes
configure:3374: checking for C compiler default output file name
configure:3376: result: a.out
configure:3382: checking for suffix of executables
configure:3389: gcc -o conftest    conftest.c  >&5
configure:3393: $? = 0
configure:3415: result: 
configure:3437: checking whether we are cross compiling
configure:3445: gcc -o conftest    conftest.c  >&5
configure:3449: $? = 0
configure:3456: ./conftest
configure:3460: $? = 0
configure:3475: result: no
configure:3480: checking for suffix of object files
configure:3502: gcc -c   conftest.c >&5
configure:3506: $? = 0
configure:3527: result: o
configure:3531: checking whether we are using the GNU C compiler
configure:3550: gcc -c   conftest.c >&5
configure:3550: $? = 0
configure:3559: result: yes
configure:3568: checking whether gcc accepts -g
configure:3588: gcc -c -g  conftest.c >&5
configure:3588: $? = 0
configure:3629: result: yes
configure:3646: checking for gcc option to accept ISO C89
configure:3709: gcc  -c -g -O2  conftest.c >&5
configure:3709: $? = 0
configure:3722: result: none needed
configure:3747: checking whether gcc understands -c and -o together
configure:3769: gcc -c conftest.c -o conftest2.o
configure:3772: $? = 0
configure:3769: gcc -c conftest.c -o conftest2.o
configure:3772: $? = 0
configure:3784: result: yes
configure:3812: checking for style of include used by make
configure:3840: result: GNU
configure:3866: checking dependency style of gcc
configure:3977: result: gcc3
configure:4021: checking build system type
configure:4035: result: x86_64-pc-linux-gnu
configure:4055: checking host system type
configure:4068: result: x86_64-pc-linux-gnu
configure:4109: checking how to print strings
configure:4136: result: printf
configure:4157: checking for a sed that does not truncate output
configure:4221: result: /bin/sed
configure:4239: checking for grep that handles long lines and -e
configure:4297: result: /bin/grep
configure:4302: checking for egrep
configure:4364: result: /bin/grep -E
configure:4369: checking for fgrep
configure:4431: result: /bin/grep -F
configure:4466: checking for ld used by gcc
configure:4533: result: /usr/bin/ld
configure:4540: checking if the linker (/usr/bin/ld) is GNU ld
configure:4555: result: yes
configure:4567: checking for BSD- or MS-compatible name lister (nm)
configure:4621: result: /usr/bin/nm -B
configure:4751: checking the name lister (/usr/bin/nm -B) interface
configure:4758: gcc -c -g -O2  conftest.c >&5
configure:4761: /usr/bin/nm -B "conftest.o"
configure:4764: output
0000000000000000 B some_variable
configure:4771: result: BSD nm
configure:4774: checking whether ln -s works
configure:4778: result: yes
configure:4786: checking the maximum length of command line arguments
configure:4917: result: 1572864
configure:4965: checking how to convert x86_64-pc-linux-gnu file names to x86_64-pc-linux-gnu format
configure:5005: result: func_convert_file_noop
configure:5012: checking how to convert x86_64-pc-linux-gnu file names to toolchain format
configure:5032: result: func_convert_file_noop
configure:5039: checking for /usr/bin/ld option to reload object files
configure:5046: result: -r
configure:5120: checking for objdump
configure:5136: found /usr/bin/objdump
configure:5147: result: objdump
configure:5179: checking how to recognize dependent libraries
configure:5379: result: pass_all
configure:5464: checking for dlltool
configure:5494: result: no
configure:5524: checking how to associate runtime and link libraries
configure:5551: result: printf %s\n
configure:5612: checking for ar
configure:5628: found /usr/bin/ar
configure:5639: result: ar
configure:5676: checking for archiver @FILE support
configure:5693: gcc -c -g -O2  conftest.c >&5
configure:5693: $? = 0
configure:5696: ar cru libconftest.a @conftest.lst >&5
ar: `u' modifier ignored since `D' is the default (see `U')
configure:5699: $? = 0
configure:5704: ar cru libconftest.a @conftest.lst >&5
ar: `u' modifier ignored since `D' is the default (see `U')
ar: conftest.o: No such file or directory
configure:5707: $? = 1
configure:5719: result: @
configure:5777: checking for strip
configure:5793: found /usr/bin/strip
configure:5804: result: strip
configure:5876: checking for ranlib
configure:5892: found /usr/bin/ranlib
configure:5903: result: ranlib
configure:6005: checking command to parse /usr/bin/nm -B output from gcc object
configure:6158: gcc -c -g -O2  conftest.c >&5
configure:6161: $? = 0
configure:6165: /usr/bin/nm -B conftest.o \| sed -n -e 's/^.*[ ]\([ABCDGIRSTW][ABCDGIRSTW]*\)[ ][ ]*\([_A-Za-z][_A-Za-z0-9]*\)$/\1 \2 \2/p' | sed '/ __gnu_lto/d' \> conftest.nm
configure:6168: $? = 0
configure:6234: gcc -o conftest -g -O2   conftest.c conftstm.o >&5
configure:6237: $? = 0
configure:6275: result: ok
configure:6322: checking for sysroot
configure:6352: result: no
configure:6359: checking for a working dd
configure:6397: result: /bin/dd
configure:6401: checking how to truncate binary pipes
configure:6416: result: /bin/dd bs=4096 count=1
configure:6552: gcc -c -g -O2  conftest.c >&5
configure:6555: $? = 0
configure:6745: checking for mt
configure:6761: found /bin/mt
configure:6772: result: mt
configure:6795: checking if mt is a manifest tool
configure:6801: mt '-?'
configure:6809: result: no
configure:7486: checking how to run the C preprocessor
configure:7517: gcc -E  conftest.c
configure:7517: $? = 0
configure:7531: gcc -E  conftest.c
conftest.c:11:28: fatal error: ac_nonexistent.h: No such file or directory
compilation terminated.
configure:7531: $? = 1
configure: failed program was:
| /* confdefs.h */
| #define PACKAGE_NAME "libusrsctp"
| #define PACKAGE_TARNAME "libusrsctp"
| #define PACKAGE_VERSION "0.9.3.0"
| #define PACKAGE_STRING "libusrsctp 0.9.3.0"
| #define PACKAGE_BUGREPORT ""
| #define PACKAGE_URL ""
| #define PACKAGE "libusrsctp"
| #define VERSION "0.9.3.0"
| /* end confdefs.h.  */
| #include <ac_nonexistent.h>
configure:7556: result: gcc -E
configure:7576: gcc -E  conftest.c
configure:7576: $? = 0
configure:7590: gcc -E  conftest.c
conftest.c:11:28: fatal error: ac_nonexistent.h: No such file or directory
compilation terminated.
configure:7590: $? = 1
configure: failed program was:
| /* confdefs.h */
| #define PACKAGE_NAME "libusrsctp"
| #define PACKAGE_TARNAME "libusrsctp"
| #define PACKAGE_VERSION "0.9.3.0"
| #define PACKAGE_STRING "libusrsctp 0.9.3.0"
| #define PACKAGE_BUGREPORT ""
| #define PACKAGE_URL ""
| #define PACKAGE "libusrsctp"
| #define VERSION "0.9.3.0"
| /* end confdefs.h.  */
| #include <ac_nonexistent.h>
configure:7619: checking for ANSI C header files
configure:7639: gcc -c -g -O2  conftest.c >&5
configure:7639: $? = 0
configure:7712: gcc -o conftest -g -O2   conftest.c  >&5
configure:7712: $? = 0
configure:7712: ./conftest
configure:7712: $? = 0
configure:7723: result: yes
configure:7736: checking for sys/types.h
configure:7736: gcc -c -g -O2  conftest.c >&5
configure:7736: $? = 0
configure:7736: result: yes
configure:7736: checking for sys/stat.h
configure:7736: gcc -c -g -O2  conftest.c >&5
configure:7736: $? = 0
configure:7736: result: yes
configure:7736: checking for stdlib.h
configure:7736: gcc -c -g -O2  conftest.c >&5
configure:7736: $? = 0
configure:7736: result: yes
configure:7736: checking for string.h
configure:7736: gcc -c -g -O2  conftest.c >&5
configure:7736: $? = 0
configure:7736: result: yes
configure:7736: checking for memory.h
configure:7736: gcc -c -g -O2  conftest.c >&5
configure:7736: $? = 0
configure:7736: result: yes
configure:7736: checking for strings.h
configure:7736: gcc -c -g -O2  conftest.c >&5
configure:7736: $? = 0
configure:7736: result: yes
configure:7736: checking for inttypes.h
configure:7736: gcc -c -g -O2  conftest.c >&5
configure:7736: $? = 0
configure:7736: result: yes
configure:7736: checking for stdint.h
configure:7736: gcc -c -g -O2  conftest.c >&5
configure:7736: $? = 0
configure:7736: result: yes
configure:7736: checking for unistd.h
configure:7736: gcc -c -g -O2  conftest.c >&5
configure:7736: $? = 0
configure:7736: result: yes
configure:7750: checking for dlfcn.h
configure:7750: gcc -c -g -O2  conftest.c >&5
configure:7750: $? = 0
configure:7750: result: yes
configure:8006: checking for objdir
configure:8021: result: .libs
configure:8285: checking if gcc supports -fno-rtti -fno-exceptions
configure:8303: gcc -c -g -O2  -fno-rtti -fno-exceptions conftest.c >&5
cc1: warning: command line option '-fno-rtti' is valid for C++/ObjC++ but not for C
configure:8307: $? = 0
configure:8320: result: no
configure:8678: checking for gcc option to produce PIC
configure:8685: result: -fPIC -DPIC
configure:8693: checking if gcc PIC flag -fPIC -DPIC works
configure:8711: gcc -c -g -O2  -fPIC -DPIC -DPIC conftest.c >&5
configure:8715: $? = 0
configure:8728: result: yes
configure:8757: checking if gcc static flag -static works
configure:8785: result: yes
configure:8800: checking if gcc supports -c -o file.o
configure:8821: gcc -c -g -O2  -o out/conftest2.o conftest.c >&5
configure:8825: $? = 0
configure:8847: result: yes
configure:8855: checking if gcc supports -c -o file.o
configure:8902: result: yes
configure:8935: checking whether the gcc linker (/usr/bin/ld -m elf_x86_64) supports shared libraries
configure:10198: result: yes
configure:10235: checking whether -lc should be explicitly linked in
configure:10243: gcc -c -g -O2  conftest.c >&5
configure:10246: $? = 0
configure:10261: gcc -shared  -fPIC -DPIC conftest.o  -v -Wl,-soname -Wl,conftest -o conftest 2\>\&1 \| /bin/grep  -lc  \>/dev/null 2\>\&1
configure:10264: $? = 0
configure:10278: result: no
configure:10438: checking dynamic linker characteristics
configure:11019: gcc -o conftest -g -O2   -Wl,-rpath -Wl,/foo conftest.c  >&5
configure:11019: $? = 0
configure:11268: result: GNU/Linux ld.so
configure:11390: checking how to hardcode library paths into programs
configure:11415: result: immediate
configure:11963: checking whether stripping libraries is possible
configure:11968: result: yes
configure:12003: checking if libtool supports shared libraries
configure:12005: result: yes
configure:12008: checking whether to build shared libraries
configure:12033: result: yes
configure:12036: checking whether to build static libraries
configure:12040: result: yes
configure:12126: checking whether we should treat compiler warnings as errors
configure:12136: result: yes
configure:12211: checking for size_t
configure:12211: gcc -c -g -O2 -std=c99 -pthread -D_GNU_SOURCE -pedantic -Wall -Werror -g -O0  conftest.c >&5
configure:12211: $? = 0
configure:12211: gcc -c -g -O2 -std=c99 -pthread -D_GNU_SOURCE -pedantic -Wall -Werror -g -O0  conftest.c >&5
conftest.c: In function 'main':
conftest.c:62:21: error: expected expression before ')' token
 if (sizeof ((size_t)))
                     ^
configure:12211: $? = 1
configure: failed program was:
| /* confdefs.h */
| #define PACKAGE_NAME "libusrsctp"
| #define PACKAGE_TARNAME "libusrsctp"
| #define PACKAGE_VERSION "0.9.3.0"
| #define PACKAGE_STRING "libusrsctp 0.9.3.0"
| #define PACKAGE_BUGREPORT ""
| #define PACKAGE_URL ""
| #define PACKAGE "libusrsctp"
| #define VERSION "0.9.3.0"
| #define STDC_HEADERS 1
| #define HAVE_SYS_TYPES_H 1
| #define HAVE_SYS_STAT_H 1
| #define HAVE_STDLIB_H 1
| #define HAVE_STRING_H 1
| #define HAVE_MEMORY_H 1
| #define HAVE_STRINGS_H 1
| #define HAVE_INTTYPES_H 1
| #define HAVE_STDINT_H 1
| #define HAVE_UNISTD_H 1
| #define HAVE_DLFCN_H 1
| #define LT_OBJDIR ".libs/"
| #define SCTP_DEBUG 1
| #define INET 1
| #define INET6 1
| /* end confdefs.h.  */
| #include <stdio.h>
| #ifdef HAVE_SYS_TYPES_H
| # include <sys/types.h>
| #endif
| #ifdef HAVE_SYS_STAT_H
| # include <sys/stat.h>
| #endif
| #ifdef STDC_HEADERS
| # include <stdlib.h>
| # include <stddef.h>
| #else
| # ifdef HAVE_STDLIB_H
| #  include <stdlib.h>
| # endif
| #endif
| #ifdef HAVE_STRING_H
| # if !defined STDC_HEADERS && defined HAVE_MEMORY_H
| #  include <memory.h>
| # endif
| # include <string.h>
| #endif
| #ifdef HAVE_STRINGS_H
| # include <strings.h>
| #endif
| #ifdef HAVE_INTTYPES_H
| # include <inttypes.h>
| #endif
| #ifdef HAVE_STDINT_H
| # include <stdint.h>
| #endif
| #ifdef HAVE_UNISTD_H
| # include <unistd.h>
| #endif
| int
| main ()
| {
| if (sizeof ((size_t)))
| 	    return 0;
|   ;
|   return 0;
| }
configure:12211: result: yes
configure:12216: checking for ssize_t
configure:12216: gcc -c -g -O2 -std=c99 -pthread -D_GNU_SOURCE -pedantic -Wall -Werror -g -O0  conftest.c >&5
configure:12216: $? = 0
configure:12216: gcc -c -g -O2 -std=c99 -pthread -D_GNU_SOURCE -pedantic -Wall -Werror -g -O0  conftest.c >&5
conftest.c: In function 'main':
conftest.c:62:22: error: expected expression before ')' token
 if (sizeof ((ssize_t)))
                      ^
configure:12216: $? = 1
configure: failed program was:
| /* confdefs.h */
| #define PACKAGE_NAME "libusrsctp"
| #define PACKAGE_TARNAME "libusrsctp"
| #define PACKAGE_VERSION "0.9.3.0"
| #define PACKAGE_STRING "libusrsctp 0.9.3.0"
| #define PACKAGE_BUGREPORT ""
| #define PACKAGE_URL ""
| #define PACKAGE "libusrsctp"
| #define VERSION "0.9.3.0"
| #define STDC_HEADERS 1
| #define HAVE_SYS_TYPES_H 1
| #define HAVE_SYS_STAT_H 1
| #define HAVE_STDLIB_H 1
| #define HAVE_STRING_H 1
| #define HAVE_MEMORY_H 1
| #define HAVE_STRINGS_H 1
| #define HAVE_INTTYPES_H 1
| #define HAVE_STDINT_H 1
| #define HAVE_UNISTD_H 1
| #define HAVE_DLFCN_H 1
| #define LT_OBJDIR ".libs/"
| #define SCTP_DEBUG 1
| #define INET 1
| #define INET6 1
| /* end confdefs.h.  */
| #include <stdio.h>
| #ifdef HAVE_SYS_TYPES_H
| # include <sys/types.h>
| #endif
| #ifdef HAVE_SYS_STAT_H
| # include <sys/stat.h>
| #endif
| #ifdef STDC_HEADERS
| # include <stdlib.h>
| # include <stddef.h>
| #else
| # ifdef HAVE_STDLIB_H
| #  include <stdlib.h>
| # endif
| #endif
| #ifdef HAVE_STRING_H
| # if !defined STDC_HEADERS && defined HAVE_MEMORY_H
| #  include <memory.h>
| # endif
| # include <string.h>
| #endif
| #ifdef HAVE_STRINGS_H
| # include <strings.h>
| #endif
| #ifdef HAVE_INTTYPES_H
| # include <inttypes.h>
| #endif
| #ifdef HAVE_STDINT_H
| # include <stdint.h>
| #endif
| #ifdef HAVE_UNISTD_H
| # include <unistd.h>
| #endif
| int
| main ()
| {
| if (sizeof ((ssize_t)))
| 	    return 0;
|   ;
|   return 0;
| }
configure:12216: result: yes
configure:12224: checking for socket
configure:12224: gcc -o conftest -g -O2 -std=c99 -pthread -D_GNU_SOURCE -pedantic -Wall -Werror -g -O0   conftest.c  >&5
configure:12224: $? = 0
configure:12224: result: yes
configure:12281: checking for inet_addr
configure:12281: gcc -o conftest -g -O2 -std=c99 -pthread -D_GNU_SOURCE -pedantic -Wall -Werror -g -O0   conftest.c  >&5
configure:12281: $? = 0
configure:12281: result: yes
configure:12339: checking stdatomic.h usability
configure:12339: gcc -c -g -O2 -std=c99 -pthread -D_GNU_SOURCE -pedantic -Wall -Werror -g -O0  conftest.c >&5
configure:12339: $? = 0
configure:12339: result: yes
configure:12339: checking stdatomic.h presence
configure:12339: gcc -E  conftest.c
configure:12339: $? = 0
configure:12339: result: yes
configure:12339: checking for stdatomic.h
configure:12339: result: yes
configure:12351: checking sys/queue.h usability
configure:12351: gcc -c -g -O2 -std=c99 -pthread -D_GNU_SOURCE -pedantic -Wall -Werror -g -O0  conftest.c >&5
configure:12351: $? = 0
configure:12351: result: yes
configure:12351: checking sys/queue.h presence
configure:12351: gcc -E  conftest.c
configure:12351: $? = 0
configure:12351: result: yes
configure:12351: checking for sys/queue.h
configure:12351: result: yes
configure:12363: checking for linux/if_addr.h
configure:12363: gcc -c -g -O2 -std=c99 -pthread -D_GNU_SOURCE -pedantic -Wall -Werror -g -O0  conftest.c >&5
configure:12363: $? = 0
configure:12363: result: yes
configure:12376: checking for linux/rtnetlink.h
configure:12376: gcc -c -g -O2 -std=c99 -pthread -D_GNU_SOURCE -pedantic -Wall -Werror -g -O0  conftest.c >&5
configure:12376: $? = 0
configure:12376: result: yes
configure:12389: checking for netinet/ip_icmp.h
configure:12389: gcc -c -g -O2 -std=c99 -pthread -D_GNU_SOURCE -pedantic -Wall -Werror -g -O0  conftest.c >&5
configure:12389: $? = 0
configure:12389: result: yes
configure:12401: checking for struct sockaddr.sa_len
configure:12401: gcc -c -g -O2 -std=c99 -pthread -D_GNU_SOURCE -pedantic -Wall -Werror -g -O0  conftest.c >&5
conftest.c: In function 'main':
conftest.c:42:12: error: 'struct sockaddr' has no member named 'sa_len'
 if (ac_aggr.sa_len)
            ^
conftest.c:41:24: error: variable 'ac_aggr' set but not used [-Werror=unused-but-set-variable]
 static struct sockaddr ac_aggr;
                        ^
cc1: all warnings being treated as errors
configure:12401: $? = 1
configure: failed program was:
| /* confdefs.h */
| #define PACKAGE_NAME "libusrsctp"
| #define PACKAGE_TARNAME "libusrsctp"
| #define PACKAGE_VERSION "0.9.3.0"
| #define PACKAGE_STRING "libusrsctp 0.9.3.0"
| #define PACKAGE_BUGREPORT ""
| #define PACKAGE_URL ""
| #define PACKAGE "libusrsctp"
| #define VERSION "0.9.3.0"
| #define STDC_HEADERS 1
| #define HAVE_SYS_TYPES_H 1
| #define HAVE_SYS_STAT_H 1
| #define HAVE_STDLIB_H 1
| #define HAVE_STRING_H 1
| #define HAVE_MEMORY_H 1
| #define HAVE_STRINGS_H 1
| #define HAVE_INTTYPES_H 1
| #define HAVE_STDINT_H 1
| #define HAVE_UNISTD_H 1
| #define HAVE_DLFCN_H 1
| #define LT_OBJDIR ".libs/"
| #define SCTP_DEBUG 1
| #define INET 1
| #define INET6 1
| #define HAVE_SOCKET 1
| #define HAVE_INET_ADDR 1
| #define HAVE_STDATOMIC_H 1
| #define HAVE_SYS_QUEUE_H 1
| #define HAVE_LINUX_IF_ADDR_H 1
| #define HAVE_LINUX_RTNETLINK_H 1
| #define HAVE_NETINET_IP_ICMP_H 1
| /* end confdefs.h.  */
| #ifdef HAVE_SYS_TYPES_H
|                  #include <sys/types.h>
|                  #endif
|                  #include <sys/socket.h>
| 
| int
| main ()
| {
| static struct sockaddr ac_aggr;
| if (ac_aggr.sa_len)
| return 0;
|   ;
|   return 0;
| }
configure:12401: gcc -c -g -O2 -std=c99 -pthread -D_GNU_SOURCE -pedantic -Wall -Werror -g -O0  conftest.c >&5
conftest.c: In function 'main':
conftest.c:42:19: error: 'struct sockaddr' has no member named 'sa_len'
 if (sizeof ac_aggr.sa_len)
                   ^
conftest.c:41:24: error: variable 'ac_aggr' set but not used [-Werror=unused-but-set-variable]
 static struct sockaddr ac_aggr;
                        ^
cc1: all warnings being treated as errors
configure:12401: $? = 1
configure: failed program was:
| /* confdefs.h */
| #define PACKAGE_NAME "libusrsctp"
| #define PACKAGE_TARNAME "libusrsctp"
| #define PACKAGE_VERSION "0.9.3.0"
| #define PACKAGE_STRING "libusrsctp 0.9.3.0"
| #define PACKAGE_BUGREPORT ""
| #define PACKAGE_URL ""
| #define PACKAGE "libusrsctp"
| #define VERSION "0.9.3.0"
| #define STDC_HEADERS 1
| #define HAVE_SYS_TYPES_H 1
| #define HAVE_SYS_STAT_H 1
| #define HAVE_STDLIB_H 1
| #define HAVE_STRING_H 1
| #define HAVE_MEMORY_H 1
| #define HAVE_STRINGS_H 1
| #define HAVE_INTTYPES_H 1
| #define HAVE_STDINT_H 1
| #define HAVE_UNISTD_H 1
| #define HAVE_DLFCN_H 1
| #define LT_OBJDIR ".libs/"
| #define SCTP_DEBUG 1
| #define INET 1
| #define INET6 1
| #define HAVE_SOCKET 1
| #define HAVE_INET_ADDR 1
| #define HAVE_STDATOMIC_H 1
| #define HAVE_SYS_QUEUE_H 1
| #define HAVE_LINUX_IF_ADDR_H 1
| #define HAVE_LINUX_RTNETLINK_H 1
| #define HAVE_NETINET_IP_ICMP_H 1
| /* end confdefs.h.  */
| #ifdef HAVE_SYS_TYPES_H
|                  #include <sys/types.h>
|                  #endif
|                  #include <sys/socket.h>
| 
| int
| main ()
| {
| static struct sockaddr ac_aggr;
| if (sizeof ac_aggr.sa_len)
| return 0;
|   ;
|   return 0;
| }
configure:12401: result: no
configure:12413: checking for struct sockaddr_in.sin_len
configure:12413: gcc -c -g -O2 -std=c99 -pthread -D_GNU_SOURCE -pedantic -Wall -Werror -g -O0  conftest.c >&5
conftest.c: In function 'main':
conftest.c:42:12: error: 'struct sockaddr_in' has no member named 'sin_len'
 if (ac_aggr.sin_len)
            ^
conftest.c:41:27: error: variable 'ac_aggr' set but not used [-Werror=unused-but-set-variable]
 static struct sockaddr_in ac_aggr;
                           ^
cc1: all warnings being treated as errors
configure:12413: $? = 1
configure: failed program was:
| /* confdefs.h */
| #define PACKAGE_NAME "libusrsctp"
| #define PACKAGE_TARNAME "libusrsctp"
| #define PACKAGE_VERSION "0.9.3.0"
| #define PACKAGE_STRING "libusrsctp 0.9.3.0"
| #define PACKAGE_BUGREPORT ""
| #define PACKAGE_URL ""
| #define PACKAGE "libusrsctp"
| #define VERSION "0.9.3.0"
| #define STDC_HEADERS 1
| #define HAVE_SYS_TYPES_H 1
| #define HAVE_SYS_STAT_H 1
| #define HAVE_STDLIB_H 1
| #define HAVE_STRING_H 1
| #define HAVE_MEMORY_H 1
| #define HAVE_STRINGS_H 1
| #define HAVE_INTTYPES_H 1
| #define HAVE_STDINT_H 1
| #define HAVE_UNISTD_H 1
| #define HAVE_DLFCN_H 1
| #define LT_OBJDIR ".libs/"
| #define SCTP_DEBUG 1
| #define INET 1
| #define INET6 1
| #define HAVE_SOCKET 1
| #define HAVE_INET_ADDR 1
| #define HAVE_STDATOMIC_H 1
| #define HAVE_SYS_QUEUE_H 1
| #define HAVE_LINUX_IF_ADDR_H 1
| #define HAVE_LINUX_RTNETLINK_H 1
| #define HAVE_NETINET_IP_ICMP_H 1
| /* end confdefs.h.  */
| #ifdef HAVE_SYS_TYPES_H
|                  #include <sys/types.h>
|                  #endif
|                  #include <netinet/in.h>
| 
| int
| main ()
| {
| static struct sockaddr_in ac_aggr;
| if (ac_aggr.sin_len)
| return 0;
|   ;
|   return 0;
| }
configure:12413: gcc -c -g -O2 -std=c99 -pthread -D_GNU_SOURCE -pedantic -Wall -Werror -g -O0  conftest.c >&5
conftest.c: In function 'main':
conftest.c:42:19: error: 'struct sockaddr_in' has no member named 'sin_len'
 if (sizeof ac_aggr.sin_len)
                   ^
conftest.c:41:27: error: variable 'ac_aggr' set but not used [-Werror=unused-but-set-variable]
 static struct sockaddr_in ac_aggr;
                           ^
cc1: all warnings being treated as errors
configure:12413: $? = 1
configure: failed program was:
| /* confdefs.h */
| #define PACKAGE_NAME "libusrsctp"
| #define PACKAGE_TARNAME "libusrsctp"
| #define PACKAGE_VERSION "0.9.3.0"
| #define PACKAGE_STRING "libusrsctp 0.9.3.0"
| #define PACKAGE_BUGREPORT ""
| #define PACKAGE_URL ""
| #define PACKAGE "libusrsctp"
| #define VERSION "0.9.3.0"
| #define STDC_HEADERS 1
| #define HAVE_SYS_TYPES_H 1
| #define HAVE_SYS_STAT_H 1
| #define HAVE_STDLIB_H 1
| #define HAVE_STRING_H 1
| #define HAVE_MEMORY_H 1
| #define HAVE_STRINGS_H 1
| #define HAVE_INTTYPES_H 1
| #define HAVE_STDINT_H 1
| #define HAVE_UNISTD_H 1
| #define HAVE_DLFCN_H 1
| #define LT_OBJDIR ".libs/"
| #define SCTP_DEBUG 1
| #define INET 1
| #define INET6 1
| #define HAVE_SOCKET 1
| #define HAVE_INET_ADDR 1
| #define HAVE_STDATOMIC_H 1
| #define HAVE_SYS_QUEUE_H 1
| #define HAVE_LINUX_IF_ADDR_H 1
| #define HAVE_LINUX_RTNETLINK_H 1
| #define HAVE_NETINET_IP_ICMP_H 1
| /* end confdefs.h.  */
| #ifdef HAVE_SYS_TYPES_H
|                  #include <sys/types.h>
|                  #endif
|                  #include <netinet/in.h>
| 
| int
| main ()
| {
| static struct sockaddr_in ac_aggr;
| if (sizeof ac_aggr.sin_len)
| return 0;
|   ;
|   return 0;
| }
configure:12413: result: no
configure:12425: checking for struct sockaddr_in6.sin6_len
configure:12425: gcc -c -g -O2 -std=c99 -pthread -D_GNU_SOURCE -pedantic -Wall -Werror -g -O0  conftest.c >&5
conftest.c: In function 'main':
conftest.c:42:12: error: 'struct sockaddr_in6' has no member named 'sin6_len'
 if (ac_aggr.sin6_len)
            ^
conftest.c:41:28: error: variable 'ac_aggr' set but not used [-Werror=unused-but-set-variable]
 static struct sockaddr_in6 ac_aggr;
                            ^
cc1: all warnings being treated as errors
configure:12425: $? = 1
configure: failed program was:
| /* confdefs.h */
| #define PACKAGE_NAME "libusrsctp"
| #define PACKAGE_TARNAME "libusrsctp"
| #define PACKAGE_VERSION "0.9.3.0"
| #define PACKAGE_STRING "libusrsctp 0.9.3.0"
| #define PACKAGE_BUGREPORT ""
| #define PACKAGE_URL ""
| #define PACKAGE "libusrsctp"
| #define VERSION "0.9.3.0"
| #define STDC_HEADERS 1
| #define HAVE_SYS_TYPES_H 1
| #define HAVE_SYS_STAT_H 1
| #define HAVE_STDLIB_H 1
| #define HAVE_STRING_H 1
| #define HAVE_MEMORY_H 1
| #define HAVE_STRINGS_H 1
| #define HAVE_INTTYPES_H 1
| #define HAVE_STDINT_H 1
| #define HAVE_UNISTD_H 1
| #define HAVE_DLFCN_H 1
| #define LT_OBJDIR ".libs/"
| #define SCTP_DEBUG 1
| #define INET 1
| #define INET6 1
| #define HAVE_SOCKET 1
| #define HAVE_INET_ADDR 1
| #define HAVE_STDATOMIC_H 1
| #define HAVE_SYS_QUEUE_H 1
| #define HAVE_LINUX_IF_ADDR_H 1
| #define HAVE_LINUX_RTNETLINK_H 1
| #define HAVE_NETINET_IP_ICMP_H 1
| /* end confdefs.h.  */
| #ifdef HAVE_SYS_TYPES_H
|                  #include <sys/types.h>
|                  #endif
|                  #include <netinet/in.h>
| 
| int
| main ()
| {
| static struct sockaddr_in6 ac_aggr;
| if (ac_aggr.sin6_len)
| return 0;
|   ;
|   return 0;
| }
configure:12425: gcc -c -g -O2 -std=c99 -pthread -D_GNU_SOURCE -pedantic -Wall -Werror -g -O0  conftest.c >&5
conftest.c: In function 'main':
conftest.c:42:19: error: 'struct sockaddr_in6' has no member named 'sin6_len'
 if (sizeof ac_aggr.sin6_len)
                   ^
conftest.c:41:28: error: variable 'ac_aggr' set but not used [-Werror=unused-but-set-variable]
 static struct sockaddr_in6 ac_aggr;
                            ^
cc1: all warnings being treated as errors
configure:12425: $? = 1
configure: failed program was:
| /* confdefs.h */
| #define PACKAGE_NAME "libusrsctp"
| #define PACKAGE_TARNAME "libusrsctp"
| #define PACKAGE_VERSION "0.9.3.0"
| #define PACKAGE_STRING "libusrsctp 0.9.3.0"
| #define PACKAGE_BUGREPORT ""
| #define PACKAGE_URL ""
| #define PACKAGE "libusrsctp"
| #define VERSION "0.9.3.0"
| #define STDC_HEADERS 1
| #define HAVE_SYS_TYPES_H 1
| #define HAVE_SYS_STAT_H 1
| #define HAVE_STDLIB_H 1
| #define HAVE_STRING_H 1
| #define HAVE_MEMORY_H 1
| #define HAVE_STRINGS_H 1
| #define HAVE_INTTYPES_H 1
| #define HAVE_STDINT_H 1
| #define HAVE_UNISTD_H 1
| #define HAVE_DLFCN_H 1
| #define LT_OBJDIR ".libs/"
| #define SCTP_DEBUG 1
| #define INET 1
| #define INET6 1
| #define HAVE_SOCKET 1
| #define HAVE_INET_ADDR 1
| #define HAVE_STDATOMIC_H 1
| #define HAVE_SYS_QUEUE_H 1
| #define HAVE_LINUX_IF_ADDR_H 1
| #define HAVE_LINUX_RTNETLINK_H 1
| #define HAVE_NETINET_IP_ICMP_H 1
| /* end confdefs.h.  */
| #ifdef HAVE_SYS_TYPES_H
|                  #include <sys/types.h>
|                  #endif
|                  #include <netinet/in.h>
| 
| int
| main ()
| {
| static struct sockaddr_in6 ac_aggr;
| if (sizeof ac_aggr.sin6_len)
| return 0;
|   ;
|   return 0;
| }
configure:12425: result: no
configure:12437: checking for struct sockaddr_conn.sconn_len
configure:12437: gcc -c -g -O2 -std=c99 -pthread -D_GNU_SOURCE -pedantic -Wall -Werror -g -O0  conftest.c >&5
conftest.c: In function 'main':
conftest.c:39:12: error: 'struct sockaddr_conn' has no member named 'sconn_len'
 if (ac_aggr.sconn_len)
            ^
conftest.c:38:29: error: variable 'ac_aggr' set but not used [-Werror=unused-but-set-variable]
 static struct sockaddr_conn ac_aggr;
                             ^
cc1: all warnings being treated as errors
configure:12437: $? = 1
configure: failed program was:
| /* confdefs.h */
| #define PACKAGE_NAME "libusrsctp"
| #define PACKAGE_TARNAME "libusrsctp"
| #define PACKAGE_VERSION "0.9.3.0"
| #define PACKAGE_STRING "libusrsctp 0.9.3.0"
| #define PACKAGE_BUGREPORT ""
| #define PACKAGE_URL ""
| #define PACKAGE "libusrsctp"
| #define VERSION "0.9.3.0"
| #define STDC_HEADERS 1
| #define HAVE_SYS_TYPES_H 1
| #define HAVE_SYS_STAT_H 1
| #define HAVE_STDLIB_H 1
| #define HAVE_STRING_H 1
| #define HAVE_MEMORY_H 1
| #define HAVE_STRINGS_H 1
| #define HAVE_INTTYPES_H 1
| #define HAVE_STDINT_H 1
| #define HAVE_UNISTD_H 1
| #define HAVE_DLFCN_H 1
| #define LT_OBJDIR ".libs/"
| #define SCTP_DEBUG 1
| #define INET 1
| #define INET6 1
| #define HAVE_SOCKET 1
| #define HAVE_INET_ADDR 1
| #define HAVE_STDATOMIC_H 1
| #define HAVE_SYS_QUEUE_H 1
| #define HAVE_LINUX_IF_ADDR_H 1
| #define HAVE_LINUX_RTNETLINK_H 1
| #define HAVE_NETINET_IP_ICMP_H 1
| /* end confdefs.h.  */
| #include "usrsctplib/usrsctp.h"
| 
| int
| main ()
| {
| static struct sockaddr_conn ac_aggr;
| if (ac_aggr.sconn_len)
| return 0;
|   ;
|   return 0;
| }
configure:12437: gcc -c -g -O2 -std=c99 -pthread -D_GNU_SOURCE -pedantic -Wall -Werror -g -O0  conftest.c >&5
conftest.c: In function 'main':
conftest.c:39:19: error: 'struct sockaddr_conn' has no member named 'sconn_len'
 if (sizeof ac_aggr.sconn_len)
                   ^
conftest.c:38:29: error: variable 'ac_aggr' set but not used [-Werror=unused-but-set-variable]
 static struct sockaddr_conn ac_aggr;
                             ^
cc1: all warnings being treated as errors
configure:12437: $? = 1
configure: failed program was:
| /* confdefs.h */
| #define PACKAGE_NAME "libusrsctp"
| #define PACKAGE_TARNAME "libusrsctp"
| #define PACKAGE_VERSION "0.9.3.0"
| #define PACKAGE_STRING "libusrsctp 0.9.3.0"
| #define PACKAGE_BUGREPORT ""
| #define PACKAGE_URL ""
| #define PACKAGE "libusrsctp"
| #define VERSION "0.9.3.0"
| #define STDC_HEADERS 1
| #define HAVE_SYS_TYPES_H 1
| #define HAVE_SYS_STAT_H 1
| #define HAVE_STDLIB_H 1
| #define HAVE_STRING_H 1
| #define HAVE_MEMORY_H 1
| #define HAVE_STRINGS_H 1
| #define HAVE_INTTYPES_H 1
| #define HAVE_STDINT_H 1
| #define HAVE_UNISTD_H 1
| #define HAVE_DLFCN_H 1
| #define LT_OBJDIR ".libs/"
| #define SCTP_DEBUG 1
| #define INET 1
| #define INET6 1
| #define HAVE_SOCKET 1
| #define HAVE_INET_ADDR 1
| #define HAVE_STDATOMIC_H 1
| #define HAVE_SYS_QUEUE_H 1
| #define HAVE_LINUX_IF_ADDR_H 1
| #define HAVE_LINUX_RTNETLINK_H 1
| #define HAVE_NETINET_IP_ICMP_H 1
| /* end confdefs.h.  */
| #include "usrsctplib/usrsctp.h"
| 
| int
| main ()
| {
| static struct sockaddr_conn ac_aggr;
| if (sizeof ac_aggr.sconn_len)
| return 0;
|   ;
|   return 0;
| }
configure:12437: result: no
configure:12446: checking for socklen_t
configure:12462: gcc -c -g -O2 -std=c99 -pthread -D_GNU_SOURCE -pedantic -Wall -Werror -g -O0  conftest.c >&5
configure:12462: $? = 0
configure:12463: result: yes
configure:12474: checking whether byte ordering is bigendian
configure:12489: gcc -c -g -O2 -std=c99 -pthread -D_GNU_SOURCE -pedantic -Wall -Werror -g -O0  conftest.c >&5
conftest.c:34:9: error: unknown type name 'not'
         not a universal capable compiler
         ^
conftest.c:34:15: error: expected '=', ',', ';', 'asm' or '__attribute__' before 'universal'
         not a universal capable compiler
               ^
conftest.c:34:15: error: unknown type name 'universal'
configure:12489: $? = 1
configure: failed program was:
| /* confdefs.h */
| #define PACKAGE_NAME "libusrsctp"
| #define PACKAGE_TARNAME "libusrsctp"
| #define PACKAGE_VERSION "0.9.3.0"
| #define PACKAGE_STRING "libusrsctp 0.9.3.0"
| #define PACKAGE_BUGREPORT ""
| #define PACKAGE_URL ""
| #define PACKAGE "libusrsctp"
| #define VERSION "0.9.3.0"
| #define STDC_HEADERS 1
| #define HAVE_SYS_TYPES_H 1
| #define HAVE_SYS_STAT_H 1
| #define HAVE_STDLIB_H 1
| #define HAVE_STRING_H 1
| #define HAVE_MEMORY_H 1
| #define HAVE_STRINGS_H 1
| #define HAVE_INTTYPES_H 1
| #define HAVE_STDINT_H 1
| #define HAVE_UNISTD_H 1
| #define HAVE_DLFCN_H 1
| #define LT_OBJDIR ".libs/"
| #define SCTP_DEBUG 1
| #define INET 1
| #define INET6 1
| #define HAVE_SOCKET 1
| #define HAVE_INET_ADDR 1
| #define HAVE_STDATOMIC_H 1
| #define HAVE_SYS_QUEUE_H 1
| #define HAVE_LINUX_IF_ADDR_H 1
| #define HAVE_LINUX_RTNETLINK_H 1
| #define HAVE_NETINET_IP_ICMP_H 1
| /* end confdefs.h.  */
| #ifndef __APPLE_CC__
| 	       not a universal capable compiler
| 	     #endif
| 	     typedef int dummy;
| 
configure:12534: gcc -c -g -O2 -std=c99 -pthread -D_GNU_SOURCE -pedantic -Wall -Werror -g -O0  conftest.c >&5
configure:12534: $? = 0
configure:12552: gcc -c -g -O2 -std=c99 -pthread -D_GNU_SOURCE -pedantic -Wall -Werror -g -O0  conftest.c >&5
conftest.c: In function 'main':
conftest.c:40:4: error: unknown type name 'not'
    not big endian
    ^
conftest.c:40:12: error: expected '=', ',', ';', 'asm' or '__attribute__' before 'endian'
    not big endian
            ^
configure:12552: $? = 1
configure: failed program was:
| /* confdefs.h */
| #define PACKAGE_NAME "libusrsctp"
| #define PACKAGE_TARNAME "libusrsctp"
| #define PACKAGE_VERSION "0.9.3.0"
| #define PACKAGE_STRING "libusrsctp 0.9.3.0"
| #define PACKAGE_BUGREPORT ""
| #define PACKAGE_URL ""
| #define PACKAGE "libusrsctp"
| #define VERSION "0.9.3.0"
| #define STDC_HEADERS 1
| #define HAVE_SYS_TYPES_H 1
| #define HAVE_SYS_STAT_H 1
| #define HAVE_STDLIB_H 1
| #define HAVE_STRING_H 1
| #define HAVE_MEMORY_H 1
| #define HAVE_STRINGS_H 1
| #define HAVE_INTTYPES_H 1
| #define HAVE_STDINT_H 1
| #define HAVE_UNISTD_H 1
| #define HAVE_DLFCN_H 1
| #define LT_OBJDIR ".libs/"
| #define SCTP_DEBUG 1
| #define INET 1
| #define INET6 1
| #define HAVE_SOCKET 1
| #define HAVE_INET_ADDR 1
| #define HAVE_STDATOMIC_H 1
| #define HAVE_SYS_QUEUE_H 1
| #define HAVE_LINUX_IF_ADDR_H 1
| #define HAVE_LINUX_RTNETLINK_H 1
| #define HAVE_NETINET_IP_ICMP_H 1
| /* end confdefs.h.  */
| #include <sys/types.h>
| 		#include <sys/param.h>
| 
| int
| main ()
| {
| #if BYTE_ORDER != BIG_ENDIAN
| 		 not big endian
| 		#endif
| 
|   ;
|   return 0;
| }
configure:12680: result: no
configure:12848: checking that generated files are newer than configure
configure:12854: result: done
configure:12878: creating ./config.status

## ---------------- ##
## Cache variables. ##
## ---------------- ##

ac_cv_build=x86_64-pc-linux-gnu
ac_cv_c_bigendian=no
ac_cv_c_compiler_gnu=yes
ac_cv_env_CC_set=
ac_cv_env_CC_value=
ac_cv_env_CFLAGS_set=
ac_cv_env_CFLAGS_value=
ac_cv_env_CPPFLAGS_set=
ac_cv_env_CPPFLAGS_value=
ac_cv_env_CPP_set=
ac_cv_env_CPP_value=
ac_cv_env_LDFLAGS_set=
ac_cv_env_LDFLAGS_value=
ac_cv_env_LIBS_set=
ac_cv_env_LIBS_value=
ac_cv_env_LT_SYS_LIBRARY_PATH_set=
ac_cv_env_LT_SYS_LIBRARY_PATH_value=
ac_cv_env_build_alias_set=
ac_cv_env_build_alias_value=
ac_cv_env_host_alias_set=
ac_cv_env_host_alias_value=
ac_cv_env_target_alias_set=
ac_cv_env_target_alias_value=
ac_cv_func_inet_addr=yes
ac_cv_func_socket=yes
ac_cv_header_dlfcn_h=yes
ac_cv_header_inttypes_h=yes
ac_cv_header_linux_if_addr_h=yes
ac_cv_header_linux_rtnetlink_h=yes
ac_cv_header_memory_h=yes
ac_cv_header_netinet_ip_icmp_h=yes
ac_cv_header_stdatomic_h=yes
ac_cv_header_stdc=yes
ac_cv_header_stdint_h=yes
ac_cv_header_stdlib_h=yes
ac_cv_header_string_h=yes
ac_cv_header_strings_h=yes
ac_cv_header_sys_queue_h=yes
ac_cv_header_sys_stat_h=yes
ac_cv_header_sys_types_h=yes
ac_cv_header_unistd_h=yes
ac_cv_host=x86_64-pc-linux-gnu
ac_cv_member_struct_sockaddr_conn_sconn_len=no
ac_cv_member_struct_sockaddr_in6_sin6_len=no
ac_cv_member_struct_sockaddr_in_sin_len=no
ac_cv_member_struct_sockaddr_sa_len=no
ac_cv_objext=o
ac_cv_path_EGREP='/bin/grep -E'
ac_cv_path_FGREP='/bin/grep -F'
ac_cv_path_GREP=/bin/grep
ac_cv_path_SED=/bin/sed
ac_cv_path_install='/usr/bin/install -c'
ac_cv_path_lt_DD=/bin/dd
ac_cv_path_mkdir=/bin/mkdir
ac_cv_prog_AWK=gawk
ac_cv_prog_CPP='gcc -E'
ac_cv_prog_ac_ct_AR=ar
ac_cv_prog_ac_ct_CC=gcc
ac_cv_prog_ac_ct_MANIFEST_TOOL=mt
ac_cv_prog_ac_ct_OBJDUMP=objdump
ac_cv_prog_ac_ct_RANLIB=ranlib
ac_cv_prog_ac_ct_STRIP=strip
ac_cv_prog_cc_c89=
ac_cv_prog_cc_g=yes
ac_cv_prog_make_make_set=yes
ac_cv_type_size_t=yes
ac_cv_type_ssize_t=yes
am_cv_CC_dependencies_compiler_type=gcc3
am_cv_make_support_nested_variables=yes
am_cv_prog_cc_c_o=yes
lt_cv_ar_at_file=@
lt_cv_archive_cmds_need_lc=no
lt_cv_deplibs_check_method=pass_all
lt_cv_file_magic_cmd='$MAGIC_CMD'
lt_cv_file_magic_test_file=
lt_cv_ld_reload_flag=-r
lt_cv_nm_interface='BSD nm'
lt_cv_objdir=.libs
lt_cv_path_LD=/usr/bin/ld
lt_cv_path_NM='/usr/bin/nm -B'
lt_cv_path_mainfest_tool=no
lt_cv_prog_compiler_c_o=yes
lt_cv_prog_compiler_pic='-fPIC -DPIC'
lt_cv_prog_compiler_pic_works=yes
lt_cv_prog_compiler_rtti_exceptions=no
lt_cv_prog_compiler_static_works=yes
lt_cv_prog_gnu_ld=yes
lt_cv_sharedlib_from_linklib_cmd='printf %s\n'
lt_cv_shlibpath_overrides_runpath=no
lt_cv_sys_global_symbol_pipe='sed -n -e '\''s/^.*[	 ]\([ABCDGIRSTW][ABCDGIRSTW]*\)[	 ][	 ]*\([_A-Za-z][_A-Za-z0-9]*\)$/\1 \2 \2/p'\'' | sed '\''/ __gnu_lto/d'\'''
lt_cv_sys_global_symbol_to_c_name_address='sed -n -e '\''s/^: \(.*\) .*$/  {"\1", (void *) 0},/p'\'' -e '\''s/^[ABCDGIRSTW][ABCDGIRSTW]* .* \(.*\)$/  {"\1", (void *) \&\1},/p'\'''
lt_cv_sys_global_symbol_to_c_name_address_lib_prefix='sed -n -e '\''s/^: \(.*\) .*$/  {"\1", (void *) 0},/p'\'' -e '\''s/^[ABCDGIRSTW][ABCDGIRSTW]* .* \(lib.*\)$/  {"\1", (void *) \&\1},/p'\'' -e '\''s/^[ABCDGIRSTW][ABCDGIRSTW]* .* \(.*\)$/  {"lib\1", (void *) \&\1},/p'\'''
lt_cv_sys_global_symbol_to_cdecl='sed -n -e '\''s/^T .* \(.*\)$/extern int \1();/p'\'' -e '\''s/^[ABCDGIRSTW][ABCDGIRSTW]* .* \(.*\)$/extern char \1;/p'\'''
lt_cv_sys_global_symbol_to_import=
lt_cv_sys_max_cmd_len=1572864
lt_cv_to_host_file_cmd=func_convert_file_noop
lt_cv_to_tool_file_cmd=func_convert_file_noop
lt_cv_truncate_bin='/bin/dd bs=4096 count=1'

## ----------------- ##
## Output variables. ##
## ----------------- ##

ACLOCAL='${SHELL} /root/git/TomP2P/core/src/main/native/modified_sctp4jlibs/sctp/usrsctp/missing aclocal-1.15'
AMDEPBACKSLASH='\'
AMDEP_FALSE='#'
AMDEP_TRUE=''
AMTAR='$${TAR-tar}'
AM_BACKSLASH='\'
AM_DEFAULT_V='$(AM_DEFAULT_VERBOSITY)'
AM_DEFAULT_VERBOSITY='1'
AM_V='$(V)'
APPCFLAGS=' -DINET -DINET6'
AR='ar'
AUTOCONF='${SHELL} /root/git/TomP2P/core/src/main/native/modified_sctp4jlibs/sctp/usrsctp/missing autoconf'
AUTOHEADER='${SHELL} /root/git/TomP2P/core/src/main/native/modified_sctp4jlibs/sctp/usrsctp/missing autoheader'
AUTOMAKE='${SHELL} /root/git/TomP2P/core/src/main/native/modified_sctp4jlibs/sctp/usrsctp/missing automake-1.15'
AWK='gawk'
CC='gcc'
CCDEPMODE='depmode=gcc3'
CFLAGS='-g -O2 -std=c99 -pthread -D_GNU_SOURCE -pedantic -Wall -Werror -g -O0'
CPP='gcc -E'
CPPFLAGS=''
CYGPATH_W='echo'
DEFS='-DPACKAGE_NAME=\"libusrsctp\" -DPACKAGE_TARNAME=\"libusrsctp\" -DPACKAGE_VERSION=\"0.9.3.0\" -DPACKAGE_STRING=\"libusrsctp\ 0.9.3.0\" -DPACKAGE_BUGREPORT=\"\" -DPACKAGE_URL=\"\" -DPACKAGE=\"libusrsctp\" -DVERSION=\"0.9.3.0\" -DSTDC_HEADERS=1 -DHAVE_SYS_TYPES_H=1 -DHAVE_SYS_STAT_H=1 -DHAVE_STDLIB_H=1 -DHAVE_STRING_H=1 -DHAVE_MEMORY_H=1 -DHAVE_STRINGS_H=1 -DHAVE_INTTYPES_H=1 -DHAVE_STDINT_H=1 -DHAVE_UNISTD_H=1 -DHAVE_DLFCN_H=1 -DLT_OBJDIR=\".libs/\" -DSCTP_DEBUG=1 -DINET=1 -DINET6=1 -DHAVE_SOCKET=1 -DHAVE_INET_ADDR=1 -DHAVE_STDATOMIC_H=1 -DHAVE_SYS_QUEUE_H=1 -DHAVE_LINUX_IF_ADDR_H=1 -DHAVE_LINUX_RTNETLINK_H=1 -DHAVE_NETINET_IP_ICMP_H=1'
DEPDIR='.deps'
DLLTOOL='false'
DSYMUTIL=''
DUMPBIN=''
ECHO_C=''
ECHO_N='-n'
ECHO_T=''
EGREP='/bin/grep -E'
EXEEXT=''
FGREP='/bin/grep -F'
GREP='/bin/grep'
INSTALL_DATA='${INSTALL} -m 644'
INSTALL_PROGRAM='${INSTALL}'
INSTALL_SCRIPT='${INSTALL}'
INSTALL_STRIP_PROGRAM='$(install_sh) -c -s'
LD='/usr/bin/ld -m elf_x86_64'
LDFLAGS=''
LIBCFLAGS='-DSCTP_PROCESS_LEVEL_LOCKS -DSCTP_SIMPLE_ALLOCATOR -D__Userspace__ -D__Userspace_os_Linux'
LIBOBJS=''
LIBS=''
LIBTOOL='$(SHELL) $(top_builddir)/libtool'
LIPO=''
LN_S='ln -s'
LTLIBOBJS=''
LT_SYS_LIBRARY_PATH=''
MAKEINFO='${SHELL} /root/git/TomP2P/core/src/main/native/modified_sctp4jlibs/sctp/usrsctp/missing makeinfo'
MANIFEST_TOOL=':'
MKDIR_P='/bin/mkdir -p'
NM='/usr/bin/nm -B'
NMEDIT=''
OBJDUMP='objdump'
OBJEXT='o'
OTOOL64=''
OTOOL=''
PACKAGE='libusrsctp'
PACKAGE_BUGREPORT=''
PACKAGE_NAME='libusrsctp'
PACKAGE_STRING='libusrsctp 0.9.3.0'
PACKAGE_TARNAME='libusrsctp'
PACKAGE_URL=''
PACKAGE_VERSION='0.9.3.0'
PATH_SEPARATOR=':'
RANLIB='ranlib'
SED='/bin/sed'
SET_MAKE=''
SHELL='/bin/bash'
STRIP='strip'
VERSION='0.9.3.0'
ac_ct_AR='ar'
ac_ct_CC='gcc'
ac_ct_DUMPBIN=''
am__EXEEXT_FALSE=''
am__EXEEXT_TRUE='#'
am__fastdepCC_FALSE='#'
am__fastdepCC_TRUE=''
am__include='include'
am__isrc=''
am__leading_dot='.'
am__nodep='_no'
am__quote=''
am__tar='$${TAR-tar} chof - "$$tardir"'
am__untar='$${TAR-tar} xf -'
bindir='${exec_prefix}/bin'
build='x86_64-pc-linux-gnu'
build_alias=''
build_cpu='x86_64'
build_os='linux-gnu'
build_vendor='pc'
datadir='${datarootdir}'
datarootdir='${prefix}/share'
docdir='${datarootdir}/doc/${PACKAGE_TARNAME}'
dvidir='${docdir}'
exec_prefix='${prefix}'
host='x86_64-pc-linux-gnu'
host_alias=''
host_cpu='x86_64'
host_os='linux-gnu'
host_vendor='pc'
htmldir='${docdir}'
includedir='${prefix}/include'
infodir='${datarootdir}/info'
install_sh='${SHELL} /root/git/TomP2P/core/src/main/native/modified_sctp4jlibs/sctp/usrsctp/install-sh'
libdir='${exec_prefix}/lib'
libexecdir='${exec_prefix}/libexec'
localedir='${datarootdir}/locale'
localstatedir='${prefix}/var'
mandir='${datarootdir}/man'
mkdir_p='$(MKDIR_P)'
oldincludedir='/usr/include'
pdfdir='${docdir}'
prefix='/usr'
program_transform_name='s,x,x,'
psdir='${docdir}'
runstatedir='${localstatedir}/run'
sbindir='${exec_prefix}/sbin'
sharedstatedir='${prefix}/com'
sysconfdir='${prefix}/etc'
target_alias=''

## ----------- ##
## confdefs.h. ##
## ----------- ##

/* confdefs.h */
#define PACKAGE_NAME "libusrsctp"
#define PACKAGE_TARNAME "libusrsctp"
#define PACKAGE_VERSION "0.9.3.0"
#define PACKAGE_STRING "libusrsctp 0.9.3.0"
#define PACKAGE_BUGREPORT ""
#define PACKAGE_URL ""
#define PACKAGE "libusrsctp"
#define VERSION "0.9.3.0"
#define STDC_HEADERS 1
#define HAVE_SYS_TYPES_H 1
#define HAVE_SYS_STAT_H 1
#define HAVE_STDLIB_H 1
#define HAVE_STRING_H 1
#define HAVE_MEMORY_H 1
#define HAVE_STRINGS_H 1
#define HAVE_INTTYPES_H 1
#define HAVE_STDINT_H 1
#define HAVE_UNISTD_H 1
#define HAVE_DLFCN_H 1
#define LT_OBJDIR ".libs/"
#define SCTP_DEBUG 1
#define INET 1
#define INET6 1
#define HAVE_SOCKET 1
#define HAVE_INET_ADDR 1
#define HAVE_STDATOMIC_H 1
#define HAVE_SYS_QUEUE_H 1
#define HAVE_LINUX_IF_ADDR_H 1
#define HAVE_LINUX_RTNETLINK_H 1
#define HAVE_NETINET_IP_ICMP_H 1

configure: exit 0

## ---------------------- ##
## Running config.status. ##
## ---------------------- ##

This file was extended by libusrsctp config.status 0.9.3.0, which was
generated by GNU Autoconf 2.69.  Invocation command line was

  CONFIG_FILES    = 
  CONFIG_HEADERS  = 
  CONFIG_LINKS    = 
  CONFIG_COMMANDS = 
  $ ./config.status 

on moensch-chef

config.status:1012: creating programs/Makefile
config.status:1012: creating Makefile
config.status:1012: creating usrsctplib/Makefile
config.status:1184: executing depfiles commands
config.status:1184: executing libtool commands
