#
# A fatal error has been detected by the Java Runtime Environment:
#
#  SIGSEGV (0xb) at pc=0x00007ff024ba3128, pid=17709, tid=0x00007ff081e9a700
#
# JRE version: OpenJDK Runtime Environment (8.0_131-b11) (build 1.8.0_131-8u131-b11-2ubuntu1.16.04.3-b11)
# Java VM: OpenJDK 64-Bit Server VM (25.131-b11 mixed mode linux-amd64 compressed oops)
# Problematic frame:
# C  [libusrsctp.so.1+0x71128]  sctp_find_ifn+0x36
#
# Failed to write core dump. Core dumps have been disabled. To enable core dumping, try "ulimit -c unlimited" before starting Java again
#
# If you would like to submit a bug report, please visit:
#   http://bugreport.java.com/bugreport/crash.jsp
# The crash happened outside the Java Virtual Machine in native code.
# See problematic frame for where to report the bug.
#

---------------  T H R E A D  ---------------

Current thread (0x00007ff07800e800):  JavaThread "main" [_thread_in_native, id=17712, stack(0x00007ff081d9a000,0x00007ff081e9b000)]

siginfo: si_signo: 11 (SIGSEGV), si_code: 1 (SEGV_MAPERR), si_addr: 0x0000000000000000

Registers:
RAX=0x0000000000000000, RBX=0x00007ff07cce97f8, RCX=0x00000000ffffffff, RDX=0x0000000000000000
RSP=0x00007ff081e996b0, RBP=0x00007ff081e996b0, RSI=0x00000000ffffffff, RDI=0x0000000000000000
R8 =0x00007ff024df9bb8, R9 =0x0000000000000000, R10=0x0000000000000057, R11=0x00007ff024ba30f2
R12=0x0000000000000000, R13=0x00007ff07cce97f8, R14=0x00007ff081e998c8, R15=0x00007ff07800e800
RIP=0x00007ff024ba3128, EFLAGS=0x0000000000010246, CSGSFS=0x002b000000000033, ERR=0x0000000000000004
  TRAPNO=0x000000000000000e

Top of Stack: (sp=0x00007ff081e996b0)
0x00007ff081e996b0:   00007ff081e99760 00007ff024ba3cb7
0x00007ff081e996c0:   0000000000000000 0000000000000000
0x00007ff081e996d0:   00007ff024be5f9a 0000000000000000
0x00007ff081e996e0:   0000000000000000 00000000ffffffff
0x00007ff081e996f0:   0000000000000000 0000000000000000
0x00007ff081e99700:   00007ff081e997a0 0000000000000000
0x00007ff081e99710:   0000000000000000 0000000000000000
0x00007ff081e99720:   0000000000000000 00007ff024be5f9a
0x00007ff081e99730:   0000000000000000 0000000000000000
0x00007ff081e99740:   00007ff081e997a0 0000000000000000
0x00007ff081e99750:   00007ff07cce97f8 00007ff07cce97f8
0x00007ff081e99760:   00007ff081e997c0 00007ff024b4a8ce
0x00007ff081e99770:   00007ff081e997a0 0000000000000000
0x00007ff081e99780:   0000000000000000 00007ff024b4a887
0x00007ff081e99790:   0000000000000004 00007ff0784a9100
0x00007ff081e997a0:   000000000000007b 00007ff0784a9100
0x00007ff081e997b0:   00007ff07cce97f8 bb8ecad391459f00
0x00007ff081e997c0:   00007ff081e99850 00007ff024dfc8a4
0x00007ff081e997d0:   00007ff07800e800 000000017cce97f8
0x00007ff081e997e0:   00007ff081e998b8 00007ff07800e9e0
0x00007ff081e997f0:   00007ff07cce97f8 000000017800e800
0x00007ff081e99800:   00007ff07cce97f8 00007ff07800e800
0x00007ff081e99810:   00007ff081e998c8 bb8ecad391459f00
0x00007ff081e99820:   00007ff081e99850 00007ff07cce97f8
0x00007ff081e99830:   00007ff0784a9100 00007ff07cce97f8
0x00007ff081e99840:   00007ff081e998a8 bb8ecad391459f00
0x00007ff081e99850:   00007ff081e998a8 00007ff06901f9e4
0x00007ff081e99860:   00007ff06901f462 00007ff081e99868
0x00007ff081e99870:   00007ff07cce97f8 00007ff081e998c8
0x00007ff081e99880:   00007ff07cce98b0 0000000000000000
0x00007ff081e99890:   00007ff07cce97f8 0000000000000000
0x00007ff081e998a0:   00007ff081e998c8 00007ff081e99910 

Instructions: (pc=0x00007ff024ba3128)
0x00007ff024ba3108:   8b 4d e4 48 8b 05 46 4e 25 00 48 8b 40 50 48 21
0x00007ff024ba3118:   c8 48 c1 e0 03 48 01 d0 48 89 45 f8 48 8b 45 f8
0x00007ff024ba3128:   48 8b 00 48 89 45 f0 eb 46 48 8b 45 f0 8b 40 40
0x00007ff024ba3138:   3b 45 e4 75 06 48 8b 45 f0 eb 40 48 8b 45 f0 48 

Register to memory mapping:

RAX=0x0000000000000000 is an unknown value
RBX={method} {0x00007ff07cce97f8} 'usrsctp_socket' '(I)J' in 'net/tomp2p/connection/sctp/Sctp'
RCX=0x00000000ffffffff is an unallocated location in the heap
RDX=0x0000000000000000 is an unknown value
RSP=0x00007ff081e996b0 is pointing into the stack for thread: 0x00007ff07800e800
RBP=0x00007ff081e996b0 is pointing into the stack for thread: 0x00007ff07800e800
RSI=0x00000000ffffffff is an unallocated location in the heap
RDI=0x0000000000000000 is an unknown value
R8 =0x00007ff024df9bb8: system_base_info+0xd8 in /usr/lib/libusrsctp.so.1 at 0x00007ff024b32000
R9 =0x0000000000000000 is an unknown value
R10=0x0000000000000057 is an unknown value
R11=0x00007ff024ba30f2: sctp_find_ifn+0 in /usr/lib/libusrsctp.so.1 at 0x00007ff024b32000
R12=0x0000000000000000 is an unknown value
R13={method} {0x00007ff07cce97f8} 'usrsctp_socket' '(I)J' in 'net/tomp2p/connection/sctp/Sctp'
R14=0x00007ff081e998c8 is pointing into the stack for thread: 0x00007ff07800e800
R15=0x00007ff07800e800 is a thread


Stack: [0x00007ff081d9a000,0x00007ff081e9b000],  sp=0x00007ff081e996b0,  free space=1021k
Native frames: (J=compiled Java code, j=interpreted, Vv=VM code, C=native code)
C  [libusrsctp.so.1+0x71128]  sctp_find_ifn+0x36
C  [libusrsctp.so.1+0x71cb7]  sctp_add_addr_to_vrf+0xce
C  [libusrsctp.so.1+0x188ce]  usrsctp_register_address+0x78
C  [libjnsctp.so+0x18a4]  Java_net_tomp2p_connection_sctp_Sctp_usrsctp_1socket+0x60
j  net.tomp2p.connection.sctp.Sctp.usrsctp_socket(I)J+0
j  net.tomp2p.connection.sctp.Sctp.createSocket(I)Lnet/tomp2p/connection/sctp/SctpSocket;+1
j  net.tomp2p.connection.sctp.SctpReceiver.<init>(Ljava/net/InetSocketAddress;)V+9
j  net.tomp2p.connection.sctp.SctpReceiverTestDriver.main([Ljava/lang/String;)V+43
v  ~StubRoutines::call_stub
V  [libjvm.so+0x66415b]
V  [libjvm.so+0x685e9e]
V  [libjvm.so+0x6887cf]
C  [libjli.so+0x3552]
C  [libjli.so+0x73dd]
C  [libpthread.so.0+0x76ba]  start_thread+0xca

Java frames: (J=compiled Java code, j=interpreted, Vv=VM code)
j  net.tomp2p.connection.sctp.Sctp.usrsctp_socket(I)J+0
j  net.tomp2p.connection.sctp.Sctp.createSocket(I)Lnet/tomp2p/connection/sctp/SctpSocket;+1
j  net.tomp2p.connection.sctp.SctpReceiver.<init>(Ljava/net/InetSocketAddress;)V+9
j  net.tomp2p.connection.sctp.SctpReceiverTestDriver.main([Ljava/lang/String;)V+43
v  ~StubRoutines::call_stub

---------------  P R O C E S S  ---------------

Java Threads: ( => current thread )
  0x00007ff0780d6800 JavaThread "Service Thread" daemon [_thread_blocked, id=17737, stack(0x00007ff0649c5000,0x00007ff064ac6000)]
  0x00007ff0780c9000 JavaThread "C1 CompilerThread2" daemon [_thread_blocked, id=17736, stack(0x00007ff064ac6000,0x00007ff064bc7000)]
  0x00007ff0780c7000 JavaThread "C2 CompilerThread1" daemon [_thread_in_native, id=17735, stack(0x00007ff064bc7000,0x00007ff064cc8000)]
  0x00007ff0780c4000 JavaThread "C2 CompilerThread0" daemon [_thread_in_native, id=17734, stack(0x00007ff064cc8000,0x00007ff064dc9000)]
  0x00007ff044001000 JavaThread "JDWP Command Reader" daemon [_thread_in_native, id=17730, stack(0x00007ff064dc9000,0x00007ff064eca000)]
  0x00007ff0780c2000 JavaThread "JDWP Event Helper Thread" daemon [_thread_blocked, id=17729, stack(0x00007ff064eca000,0x00007ff064fcb000)]
  0x00007ff0780be800 JavaThread "JDWP Transport Listener: dt_socket" daemon [_thread_blocked, id=17726, stack(0x00007ff064fcb000,0x00007ff0650cc000)]
  0x00007ff0780ae800 JavaThread "Signal Dispatcher" daemon [_thread_blocked, id=17724, stack(0x00007ff0652d1000,0x00007ff0653d2000)]
  0x00007ff078088000 JavaThread "Finalizer" daemon [_thread_blocked, id=17723, stack(0x00007ff0653d2000,0x00007ff0654d3000)]
  0x00007ff078083800 JavaThread "Reference Handler" daemon [_thread_blocked, id=17722, stack(0x00007ff0654d3000,0x00007ff0655d4000)]
=>0x00007ff07800e800 JavaThread "main" [_thread_in_native, id=17712, stack(0x00007ff081d9a000,0x00007ff081e9b000)]

Other Threads:
  0x00007ff07807c000 VMThread [stack: 0x00007ff0655d4000,0x00007ff0656d5000] [id=17721]
  0x00007ff0780d8800 WatcherThread [stack: 0x00007ff0648c4000,0x00007ff0649c5000] [id=17738]

VM state:not at safepoint (normal execution)

VM Mutex/Monitor currently owned by a thread: None

Heap:
 PSYoungGen      total 28672K, used 13283K [0x00000000e0180000, 0x00000000e2180000, 0x0000000100000000)
  eden space 24576K, 54% used [0x00000000e0180000,0x00000000e0e78c68,0x00000000e1980000)
  from space 4096K, 0% used [0x00000000e1d80000,0x00000000e1d80000,0x00000000e2180000)
  to   space 4096K, 0% used [0x00000000e1980000,0x00000000e1980000,0x00000000e1d80000)
 ParOldGen       total 65536K, used 0K [0x00000000a0400000, 0x00000000a4400000, 0x00000000e0180000)
  object space 65536K, 0% used [0x00000000a0400000,0x00000000a0400000,0x00000000a4400000)
 Metaspace       used 7543K, capacity 7596K, committed 7936K, reserved 1056768K
  class space    used 873K, capacity 912K, committed 1024K, reserved 1048576K

Card table byte_map: [0x00007ff07d9e8000,0x00007ff07dce7000] byte_map_base: 0x00007ff07d4e6000

Marking Bits: (ParMarkBitMap*) 0x00007ff0810622c0
 Begin Bits: [0x00007ff066020000, 0x00007ff067810000)
 End Bits:   [0x00007ff067810000, 0x00007ff069000000)

Polling page: 0x00007ff081eb5000

CodeCache: size=245760Kb used=2228Kb max_used=2228Kb free=243531Kb
 bounds [0x00007ff069000000, 0x00007ff069270000, 0x00007ff078000000]
 total_blobs=723 nmethods=415 adapters=231
 compilation: enabled

Compilation events (10 events):
Event: 0.387 Thread 0x00007ff0780c9000  415   !   3       sun.misc.URLClassPath$JarLoader::checkResource (55 bytes)
Event: 0.388 Thread 0x00007ff0780c9000 nmethod 415 0x00007ff069228290 code [0x00007ff069228460, 0x00007ff069228ac8]
Event: 0.388 Thread 0x00007ff0780c9000  416   !   3       sun.misc.URLClassPath$JarLoader::getResource (353 bytes)
Event: 0.391 Thread 0x00007ff0780c9000 nmethod 416 0x00007ff069228e50 code [0x00007ff0692292a0, 0x00007ff06922b2d8]
Event: 0.391 Thread 0x00007ff0780c9000  417       3       java.util.HashSet::<init> (16 bytes)
Event: 0.391 Thread 0x00007ff0780c9000 nmethod 417 0x00007ff06922d210 code [0x00007ff06922d3a0, 0x00007ff06922d7b0]
Event: 0.391 Thread 0x00007ff0780c9000  418       3       java.lang.Throwable::<init> (39 bytes)
Event: 0.391 Thread 0x00007ff0780c9000 nmethod 418 0x00007ff06922d990 code [0x00007ff06922db00, 0x00007ff06922de08]
Event: 0.394 Thread 0x00007ff0780c9000  419       3       java.net.URI$Parser::charAt (9 bytes)
Event: 0.394 Thread 0x00007ff0780c9000 nmethod 419 0x00007ff06922ded0 code [0x00007ff06922e060, 0x00007ff06922e3c8]

GC Heap History (0 events):
No events

Deoptimization events (3 events):
Event: 0.334 Thread 0x00007ff07800e800 Uncommon trap: reason=unstable_if action=reinterpret pc=0x00007ff06919f2a4 method=java.lang.String.replace(CC)Ljava/lang/String; @ 26
Event: 0.365 Thread 0x00007ff07800e800 Uncommon trap: reason=unstable_if action=reinterpret pc=0x00007ff0691dadc8 method=java.util.zip.ZipCoder.encoder()Ljava/nio/charset/CharsetEncoder; @ 4
Event: 0.369 Thread 0x00007ff07800e800 Uncommon trap: reason=unstable_if action=reinterpret pc=0x00007ff069174580 method=java.lang.String.indexOf([CII[CIII)I @ 3

Internal exceptions (10 events):
Event: 0.282 Thread 0x00007ff07800e800 Exception <a 'java/lang/ArrayIndexOutOfBoundsException'> (0x00000000e09b7018) thrown at [/build/openjdk-8-pZyJp3/openjdk-8-8u131-b11/src/hotspot/src/share/vm/runtime/sharedRuntime.cpp, line 605]
Event: 0.283 Thread 0x00007ff07800e800 Exception <a 'java/lang/ClassNotFoundException': ch/qos/logback/core/pattern/PatternLayoutEncoderBaseCustomizer> (0x00000000e09ccc38) thrown at [/build/openjdk-8-pZyJp3/openjdk-8-8u131-b11/src/hotspot/src/share/vm/classfile/systemDictionary.cpp, line 210]
Event: 0.284 Thread 0x00007ff07800e800 Exception <a 'java/lang/ArrayIndexOutOfBoundsException'> (0x00000000e09d0518) thrown at [/build/openjdk-8-pZyJp3/openjdk-8-8u131-b11/src/hotspot/src/share/vm/runtime/sharedRuntime.cpp, line 605]
Event: 0.284 Thread 0x00007ff07800e800 Exception <a 'java/lang/ArrayIndexOutOfBoundsException'> (0x00000000e09d2660) thrown at [/build/openjdk-8-pZyJp3/openjdk-8-8u131-b11/src/hotspot/src/share/vm/runtime/sharedRuntime.cpp, line 605]
Event: 0.286 Thread 0x00007ff07800e800 Exception <a 'java/lang/ClassNotFoundException': ch/qos/logback/classic/encoder/PatternLayoutEncoderCustomizer> (0x00000000e09eb050) thrown at [/build/openjdk-8-pZyJp3/openjdk-8-8u131-b11/src/hotspot/src/share/vm/classfile/systemDictionary.cpp, line 210]
Event: 0.286 Thread 0x00007ff07800e800 Exception <a 'java/lang/ArrayIndexOutOfBoundsException'> (0x00000000e09ee398) thrown at [/build/openjdk-8-pZyJp3/openjdk-8-8u131-b11/src/hotspot/src/share/vm/runtime/sharedRuntime.cpp, line 605]
Event: 0.338 Thread 0x00007ff07800e800 Exception <a 'java/lang/ClassNotFoundException': ch/qos/logback/core/FileAppenderBeanInfo> (0x00000000e0c5b9f8) thrown at [/build/openjdk-8-pZyJp3/openjdk-8-8u131-b11/src/hotspot/src/share/vm/classfile/systemDictionary.cpp, line 210]
Event: 0.338 Thread 0x00007ff07800e800 Exception <a 'java/lang/ClassNotFoundException': ch/qos/logback/core/FileAppenderCustomizer> (0x00000000e0c64560) thrown at [/build/openjdk-8-pZyJp3/openjdk-8-8u131-b11/src/hotspot/src/share/vm/classfile/systemDictionary.cpp, line 210]
Event: 0.339 Thread 0x00007ff07800e800 Exception <a 'java/lang/ArrayIndexOutOfBoundsException'> (0x00000000e0c68018) thrown at [/build/openjdk-8-pZyJp3/openjdk-8-8u131-b11/src/hotspot/src/share/vm/runtime/sharedRuntime.cpp, line 605]
Event: 0.365 Thread 0x00007ff07800e800 Implicit null exception at 0x00007ff0691da8da to 0x00007ff0691dadb5

Events (10 events):
Event: 0.393 Thread 0x00007ff07800e800 DEOPT PACKING pc=0x00007ff069167374 sp=0x00007ff081e97f60
Event: 0.393 Thread 0x00007ff07800e800 DEOPT UNPACKING pc=0x00007ff069047373 sp=0x00007ff081e97da0 mode 1
Event: 0.393 loading class com/sun/jna/Native$2
Event: 0.393 loading class com/sun/jna/Native$2 done
Event: 0.393 Thread 0x00007ff07800e800 DEOPT PACKING pc=0x00007ff0691b86e1 sp=0x00007ff081e97840
Event: 0.393 Thread 0x00007ff07800e800 DEOPT UNPACKING pc=0x00007ff069047373 sp=0x00007ff081e975b0 mode 1
Event: 0.393 Thread 0x00007ff07800e800 DEOPT PACKING pc=0x00007ff0691675d4 sp=0x00007ff081e978c0
Event: 0.393 Thread 0x00007ff07800e800 DEOPT UNPACKING pc=0x00007ff069047373 sp=0x00007ff081e97700 mode 1
Event: 0.393 Thread 0x00007ff07800e800 DEOPT PACKING pc=0x00007ff069167374 sp=0x00007ff081e97a50
Event: 0.393 Thread 0x00007ff07800e800 DEOPT UNPACKING pc=0x00007ff069047373 sp=0x00007ff081e97890 mode 1


Dynamic libraries:
00400000-00401000 r-xp 00000000 08:01 15341117                           /usr/lib/jvm/java-8-openjdk-amd64/jre/bin/java
00600000-00601000 r--p 00000000 08:01 15341117                           /usr/lib/jvm/java-8-openjdk-amd64/jre/bin/java
00601000-00602000 rw-p 00001000 08:01 15341117                           /usr/lib/jvm/java-8-openjdk-amd64/jre/bin/java
021fc000-0221d000 rw-p 00000000 00:00 0                                  [heap]
a0400000-a4400000 rw-p 00000000 00:00 0 
a4400000-e0180000 ---p 00000000 00:00 0 
e0180000-e2180000 rw-p 00000000 00:00 0 
e2180000-100000000 ---p 00000000 00:00 0 
100000000-100100000 rw-p 00000000 00:00 0 
100100000-140000000 ---p 00000000 00:00 0 
7ff020000000-7ff020021000 rw-p 00000000 00:00 0 
7ff020021000-7ff024000000 ---p 00000000 00:00 0 
7ff024b32000-7ff024bf8000 r-xp 00000000 08:01 15204795                   /usr/lib/libusrsctp.so.1.0.0
7ff024bf8000-7ff024df7000 ---p 000c6000 08:01 15204795                   /usr/lib/libusrsctp.so.1.0.0
7ff024df7000-7ff024df8000 r--p 000c5000 08:01 15204795                   /usr/lib/libusrsctp.so.1.0.0
7ff024df8000-7ff024dfa000 rw-p 000c6000 08:01 15204795                   /usr/lib/libusrsctp.so.1.0.0
7ff024dfa000-7ff024dfb000 rw-p 00000000 00:00 0 
7ff024dfb000-7ff024dfe000 r-xp 00000000 08:01 8391286                    /root/git/TomP2P/core/bin/linux-x86-64/libjnsctp.so
7ff024dfe000-7ff024ffd000 ---p 00003000 08:01 8391286                    /root/git/TomP2P/core/bin/linux-x86-64/libjnsctp.so
7ff024ffd000-7ff024ffe000 r--p 00002000 08:01 8391286                    /root/git/TomP2P/core/bin/linux-x86-64/libjnsctp.so
7ff024ffe000-7ff024fff000 rw-p 00003000 08:01 8391286                    /root/git/TomP2P/core/bin/linux-x86-64/libjnsctp.so
7ff024fff000-7ff028000000 rw-p 00000000 00:00 0 
7ff028000000-7ff02822a000 rw-p 00000000 00:00 0 
7ff02822a000-7ff02c000000 ---p 00000000 00:00 0 
7ff02c000000-7ff02c021000 rw-p 00000000 00:00 0 
7ff02c021000-7ff030000000 ---p 00000000 00:00 0 
7ff030000000-7ff0301b5000 rw-p 00000000 00:00 0 
7ff0301b5000-7ff034000000 ---p 00000000 00:00 0 
7ff034000000-7ff034175000 rw-p 00000000 00:00 0 
7ff034175000-7ff038000000 ---p 00000000 00:00 0 
7ff038000000-7ff038021000 rw-p 00000000 00:00 0 
7ff038021000-7ff03c000000 ---p 00000000 00:00 0 
7ff03c000000-7ff03c021000 rw-p 00000000 00:00 0 
7ff03c021000-7ff040000000 ---p 00000000 00:00 0 
7ff040000000-7ff040021000 rw-p 00000000 00:00 0 
7ff040021000-7ff044000000 ---p 00000000 00:00 0 
7ff044000000-7ff044021000 rw-p 00000000 00:00 0 
7ff044021000-7ff048000000 ---p 00000000 00:00 0 
7ff048000000-7ff048021000 rw-p 00000000 00:00 0 
7ff048021000-7ff04c000000 ---p 00000000 00:00 0 
7ff04c000000-7ff04c021000 rw-p 00000000 00:00 0 
7ff04c021000-7ff050000000 ---p 00000000 00:00 0 
7ff050000000-7ff050021000 rw-p 00000000 00:00 0 
7ff050021000-7ff054000000 ---p 00000000 00:00 0 
7ff054000000-7ff054021000 rw-p 00000000 00:00 0 
7ff054021000-7ff058000000 ---p 00000000 00:00 0 
7ff058000000-7ff058021000 rw-p 00000000 00:00 0 
7ff058021000-7ff05c000000 ---p 00000000 00:00 0 
7ff05c000000-7ff05c021000 rw-p 00000000 00:00 0 
7ff05c021000-7ff060000000 ---p 00000000 00:00 0 
7ff060000000-7ff060021000 rw-p 00000000 00:00 0 
7ff060021000-7ff064000000 ---p 00000000 00:00 0 
7ff064196000-7ff0641ae000 r-xp 00000000 08:01 15731665                   /tmp/jna-3506402/jna7109212122546522129.tmp (deleted)
7ff0641ae000-7ff0643ad000 ---p 00018000 08:01 15731665                   /tmp/jna-3506402/jna7109212122546522129.tmp (deleted)
7ff0643ad000-7ff0643af000 rw-p 00017000 08:01 15731665                   /tmp/jna-3506402/jna7109212122546522129.tmp (deleted)
7ff0643af000-7ff0643b4000 r--s 0009a000 08:01 15341038                   /usr/lib/jvm/java-8-openjdk-amd64/jre/lib/jsse.jar
7ff0643b4000-7ff0643c5000 r-xp 00000000 08:01 15341041                   /usr/lib/jvm/java-8-openjdk-amd64/jre/lib/amd64/libnio.so
7ff0643c5000-7ff0645c5000 ---p 00011000 08:01 15341041                   /usr/lib/jvm/java-8-openjdk-amd64/jre/lib/amd64/libnio.so
7ff0645c5000-7ff0645c6000 r--p 00011000 08:01 15341041                   /usr/lib/jvm/java-8-openjdk-amd64/jre/lib/amd64/libnio.so
7ff0645c6000-7ff0645c7000 rw-p 00012000 08:01 15341041                   /usr/lib/jvm/java-8-openjdk-amd64/jre/lib/amd64/libnio.so
7ff0645c7000-7ff0645c9000 r--s 00011000 08:01 15731643                   /root/.gradle/caches/modules-2/files-2.1/com.cedarsoftware/json-io/2.5.1/dd7fe37e5d02b93b014df08655da2b9e0dc2700a/json-io-2.5.1.jar
7ff0645c9000-7ff0645cb000 r--s 0000d000 08:01 15731642                   /root/.gradle/caches/modules-2/files-2.1/commons-logging/commons-logging/1.1.1/5043bfebc3db072ed80fbd362e7caf00e885d8ae/commons-logging-1.1.1.jar
7ff0645cb000-7ff0645cd000 r--s 00009000 08:01 15731641                   /root/.gradle/caches/modules-2/files-2.1/org.hamcrest/hamcrest-core/1.3/42a25dc3219429f0e5d060061f71acb49bf010a0/hamcrest-core-1.3.jar
7ff0645cd000-7ff0645cf000 r--s 0000d000 08:01 15731640                   /root/.gradle/caches/modules-2/files-2.1/com.cedarsoftware/java-util/1.9.0/c5f6deb3213a693d0cc20a78b1052ecc9a2df09c/java-util-1.9.0.jar
7ff0645cf000-7ff0645f0000 r--s 00162000 08:01 15731639                   /root/.gradle/caches/modules-2/files-2.1/org.mockito/mockito-all/1.9.5/79a8984096fc6591c1e3690e07d41be506356fa5/mockito-all-1.9.5.jar
7ff0645f0000-7ff0645f6000 r--s 00036000 08:01 15731638                   /root/.gradle/caches/modules-2/files-2.1/junit/junit/4.11/4e031bb61df09069aeb2bffb4019e7a5034a4ee0/junit-4.11.jar
7ff0645f6000-7ff064601000 r--s 00065000 08:01 15731612                   /root/.gradle/caches/modules-2/files-2.1/ch.qos.logback/logback-core/1.1.3/e3c02049f2dbbc764681b40094ecf0dcbc99b157/logback-core-1.1.3.jar
7ff064601000-7ff06460c000 r--s 00076000 08:01 15731611                   /root/.gradle/caches/modules-2/files-2.1/io.netty/netty-common/4.1.9.Final/7c6ba17f3b9e08fbbfc000fa3ce46208446a0019/netty-common-4.1.9.Final.jar
7ff06460c000-7ff064610000 r--s 00107000 08:01 15731607                   /root/.gradle/caches/modules-2/files-2.1/net.java.dev.jna/jna/4.4.0/cb208278274bf12ebdb56c61bd7407e6f774d65a/jna-4.4.0.jar
7ff064610000-7ff06461a000 r--s 000aa000 08:01 15731601                   /root/.gradle/caches/modules-2/files-2.1/org.javassist/javassist/3.21.0-GA/598244f595db5c5fb713731eddbb1c91a58d959b/javassist-3.21.0-GA.jar
7ff06461a000-7ff064657000 r--s 0031d000 08:01 15731600                   /root/.gradle/caches/modules-2/files-2.1/io.netty/netty-all/4.1.9.Final/97860965d6a0a6b98e7f569f3f966727b8db75/netty-all-4.1.9.Final.jar
7ff064657000-7ff06465a000 r--s 00016000 08:01 15731606                   /root/.gradle/caches/modules-2/files-2.1/org.apache.felix/org.osgi.core/1.4.0/fc7e9bfe0ca47736a5ed2ffcffe8b07c977c4444/org.osgi.core-1.4.0.jar
7ff06465a000-7ff06465d000 r--s 0003f000 08:01 15731605                   /root/.gradle/caches/modules-2/files-2.1/io.netty/netty-buffer/4.1.9.Final/6ec75e26374569ec0120c63c50fb930c48270e0d/netty-buffer-4.1.9.Final.jar
7ff06465d000-7ff064666000 r--s 00061000 08:01 15731604                   /root/.gradle/caches/modules-2/files-2.1/io.netty/netty-transport/4.1.9.Final/aaeed88d6a5c0bfc8d7a78225f4f093544470f5a/netty-transport-4.1.9.Final.jar
7ff064666000-7ff06466c000 r--s 00046000 08:01 15731603                   /root/.gradle/caches/modules-2/files-2.1/io.netty/netty-codec/4.1.9.Final/f41b5fdaaaf7b1e8de4e05be5f5b540f3b205959/netty-codec-4.1.9.Final.jar
7ff06466c000-7ff064672000 r--s 0004c000 08:01 15731602                   /root/.gradle/caches/modules-2/files-2.1/io.netty/netty-handler/4.1.9.Final/e8caa6945995ccd03b232d6b31ee698668b47a1f/netty-handler-4.1.9.Final.jar
7ff064672000-7ff064687000 r--s 0014b000 08:01 15731599                   /root/.gradle/caches/modules-2/files-2.1/org.projectlombok/lombok/1.16.18/557d13dcb647038dc687390711ccb5c9b3ffbd60/lombok-1.16.18.jar
7ff064687000-7ff06468d000 r--s 0003f000 08:01 15731597                   /root/.gradle/caches/modules-2/files-2.1/ch.qos.logback/logback-classic/1.1.3/d90276fff414f06cb375f2057f6778cd63c6082f/logback-classic-1.1.3.jar
7ff06468d000-7ff0646a4000 r-xp 00000000 08:01 15341059                   /usr/lib/jvm/java-8-openjdk-amd64/jre/lib/amd64/libnet.so
7ff0646a4000-7ff0648a3000 ---p 00017000 08:01 15341059                   /usr/lib/jvm/java-8-openjdk-amd64/jre/lib/amd64/libnet.so
7ff0648a3000-7ff0648a4000 r--p 00016000 08:01 15341059                   /usr/lib/jvm/java-8-openjdk-amd64/jre/lib/amd64/libnet.so
7ff0648a4000-7ff0648a5000 rw-p 00017000 08:01 15341059                   /usr/lib/jvm/java-8-openjdk-amd64/jre/lib/amd64/libnet.so
7ff0648a5000-7ff0648a9000 r--s 00037000 08:01 15341031                   /usr/lib/jvm/java-8-openjdk-amd64/jre/lib/ext/sunpkcs11.jar
7ff0648a9000-7ff0648c4000 r--s 00394000 08:01 15341028                   /usr/lib/jvm/java-8-openjdk-amd64/jre/lib/ext/cldrdata.jar
7ff0648c4000-7ff0648c5000 ---p 00000000 00:00 0 
7ff0648c5000-7ff0649c5000 rw-p 00000000 00:00 0 
7ff0649c5000-7ff0649c8000 ---p 00000000 00:00 0 
7ff0649c8000-7ff064ac6000 rw-p 00000000 00:00 0 
7ff064ac6000-7ff064ac9000 ---p 00000000 00:00 0 
7ff064ac9000-7ff064bc7000 rw-p 00000000 00:00 0 
7ff064bc7000-7ff064bca000 ---p 00000000 00:00 0 
7ff064bca000-7ff064cc8000 rw-p 00000000 00:00 0 
7ff064cc8000-7ff064ccb000 ---p 00000000 00:00 0 
7ff064ccb000-7ff064dc9000 rw-p 00000000 00:00 0 
7ff064dc9000-7ff064dcc000 ---p 00000000 00:00 0 
7ff064dcc000-7ff064eca000 rw-p 00000000 00:00 0 
7ff064eca000-7ff064ecd000 ---p 00000000 00:00 0 
7ff064ecd000-7ff064fcb000 rw-p 00000000 00:00 0 
7ff064fcb000-7ff064fce000 ---p 00000000 00:00 0 
7ff064fce000-7ff0650cc000 rw-p 00000000 00:00 0 
7ff0650cc000-7ff0650d0000 r-xp 00000000 08:01 15341064                   /usr/lib/jvm/java-8-openjdk-amd64/jre/lib/amd64/libdt_socket.so
7ff0650d0000-7ff0652cf000 ---p 00004000 08:01 15341064                   /usr/lib/jvm/java-8-openjdk-amd64/jre/lib/amd64/libdt_socket.so
7ff0652cf000-7ff0652d0000 r--p 00003000 08:01 15341064                   /usr/lib/jvm/java-8-openjdk-amd64/jre/lib/amd64/libdt_socket.so
7ff0652d0000-7ff0652d1000 rw-p 00004000 08:01 15341064                   /usr/lib/jvm/java-8-openjdk-amd64/jre/lib/amd64/libdt_socket.so
7ff0652d1000-7ff0652d4000 ---p 00000000 00:00 0 
7ff0652d4000-7ff0653d2000 rw-p 00000000 00:00 0 
7ff0653d2000-7ff0653d5000 ---p 00000000 00:00 0 
7ff0653d5000-7ff0654d3000 rw-p 00000000 00:00 0 
7ff0654d3000-7ff0654d6000 ---p 00000000 00:00 0 
7ff0654d6000-7ff0655d4000 rw-p 00000000 00:00 0 
7ff0655d4000-7ff0655d5000 ---p 00000000 00:00 0 
7ff0655d5000-7ff069000000 rw-p 00000000 00:00 0 
7ff069000000-7ff069270000 rwxp 00000000 00:00 0 
7ff069270000-7ff078000000 ---p 00000000 00:00 0 
7ff078000000-7ff0784d8000 rw-p 00000000 00:00 0 
7ff0784d8000-7ff07c000000 ---p 00000000 00:00 0 
7ff07c000000-7ff07c001000 r--s 00007000 08:01 15731610                   /root/.gradle/caches/modules-2/files-2.1/io.netty/netty-resolver/4.1.9.Final/9e1f26ad1988fcbe0fc824940dfe6de9d2f438da/netty-resolver-4.1.9.Final.jar
7ff07c001000-7ff07c003000 r--s 00009000 08:01 15731671                   /root/.gradle/caches/modules-2/files-2.1/org.slf4j/slf4j-api/1.7.21/139535a69a4239db087de9bab0bee568bf8e0b70/slf4j-api-1.7.21.jar
7ff07c003000-7ff07c00d000 r--s 00116000 08:01 15341030                   /usr/lib/jvm/java-8-openjdk-amd64/jre/lib/ext/localedata.jar
7ff07c00d000-7ff07c6a3000 rw-p 00000000 00:00 0 
7ff07c6a3000-7ff07c871000 r--s 03c13000 08:01 15340068                   /usr/lib/jvm/java-8-openjdk-amd64/jre/lib/rt.jar
7ff07c871000-7ff07cfa7000 rw-p 00000000 00:00 0 
7ff07cfa7000-7ff07d0e7000 ---p 00000000 00:00 0 
7ff07d0e7000-7ff07d3e5000 rw-p 00000000 00:00 0 
7ff07d3e5000-7ff07d3e6000 ---p 00000000 00:00 0 
7ff07d3e6000-7ff07d4e6000 rw-p 00000000 00:00 0 
7ff07d4e6000-7ff07d4e7000 ---p 00000000 00:00 0 
7ff07d4e7000-7ff07d5e7000 rw-p 00000000 00:00 0 
7ff07d5e7000-7ff07d5e8000 ---p 00000000 00:00 0 
7ff07d5e8000-7ff07d6e8000 rw-p 00000000 00:00 0 
7ff07d6e8000-7ff07d6e9000 ---p 00000000 00:00 0 
7ff07d6e9000-7ff07d809000 rw-p 00000000 00:00 0 
7ff07d809000-7ff07d9e8000 ---p 00000000 00:00 0 
7ff07d9e8000-7ff07da08000 rw-p 00000000 00:00 0 
7ff07da08000-7ff07dbe6000 ---p 00000000 00:00 0 
7ff07dbe6000-7ff07dbf7000 rw-p 00000000 00:00 0 
7ff07dbf7000-7ff07dce6000 ---p 00000000 00:00 0 
7ff07dce6000-7ff07dcf1000 rw-p 00000000 00:00 0 
7ff07dcf1000-7ff07e0a7000 ---p 00000000 00:00 0 
7ff07e0a7000-7ff07e0af000 r-xp 00000000 08:01 15341050                   /usr/lib/jvm/java-8-openjdk-amd64/jre/lib/amd64/libzip.so
7ff07e0af000-7ff07e2ae000 ---p 00008000 08:01 15341050                   /usr/lib/jvm/java-8-openjdk-amd64/jre/lib/amd64/libzip.so
7ff07e2ae000-7ff07e2af000 r--p 00007000 08:01 15341050                   /usr/lib/jvm/java-8-openjdk-amd64/jre/lib/amd64/libzip.so
7ff07e2af000-7ff07e2b0000 rw-p 00008000 08:01 15341050                   /usr/lib/jvm/java-8-openjdk-amd64/jre/lib/amd64/libzip.so
7ff07e2b0000-7ff07e2bb000 r-xp 00000000 08:01 11534429                   /lib/x86_64-linux-gnu/libnss_files-2.23.so
7ff07e2bb000-7ff07e4ba000 ---p 0000b000 08:01 11534429                   /lib/x86_64-linux-gnu/libnss_files-2.23.so
7ff07e4ba000-7ff07e4bb000 r--p 0000a000 08:01 11534429                   /lib/x86_64-linux-gnu/libnss_files-2.23.so
7ff07e4bb000-7ff07e4bc000 rw-p 0000b000 08:01 11534429                   /lib/x86_64-linux-gnu/libnss_files-2.23.so
7ff07e4bc000-7ff07e4c2000 rw-p 00000000 00:00 0 
7ff07e4c2000-7ff07e4cd000 r-xp 00000000 08:01 11534432                   /lib/x86_64-linux-gnu/libnss_nis-2.23.so
7ff07e4cd000-7ff07e6cc000 ---p 0000b000 08:01 11534432                   /lib/x86_64-linux-gnu/libnss_nis-2.23.so
7ff07e6cc000-7ff07e6cd000 r--p 0000a000 08:01 11534432                   /lib/x86_64-linux-gnu/libnss_nis-2.23.so
7ff07e6cd000-7ff07e6ce000 rw-p 0000b000 08:01 11534432                   /lib/x86_64-linux-gnu/libnss_nis-2.23.so
7ff07e6ce000-7ff07e6e4000 r-xp 00000000 08:01 11534425                   /lib/x86_64-linux-gnu/libnsl-2.23.so
7ff07e6e4000-7ff07e8e3000 ---p 00016000 08:01 11534425                   /lib/x86_64-linux-gnu/libnsl-2.23.so
7ff07e8e3000-7ff07e8e4000 r--p 00015000 08:01 11534425                   /lib/x86_64-linux-gnu/libnsl-2.23.so
7ff07e8e4000-7ff07e8e5000 rw-p 00016000 08:01 11534425                   /lib/x86_64-linux-gnu/libnsl-2.23.so
7ff07e8e5000-7ff07e8e7000 rw-p 00000000 00:00 0 
7ff07e8e7000-7ff07e8ef000 r-xp 00000000 08:01 11538856                   /lib/x86_64-linux-gnu/libnss_compat-2.23.so
7ff07e8ef000-7ff07eaee000 ---p 00008000 08:01 11538856                   /lib/x86_64-linux-gnu/libnss_compat-2.23.so
7ff07eaee000-7ff07eaef000 r--p 00007000 08:01 11538856                   /lib/x86_64-linux-gnu/libnss_compat-2.23.so
7ff07eaef000-7ff07eaf0000 rw-p 00008000 08:01 11538856                   /lib/x86_64-linux-gnu/libnss_compat-2.23.so
7ff07eaf0000-7ff07ee16000 r--p 00000000 08:01 15204536                   /usr/lib/locale/locale-archive
7ff07ee16000-7ff07ee18000 r-xp 00000000 08:01 15341061                   /usr/lib/jvm/java-8-openjdk-amd64/jre/lib/amd64/libnpt.so
7ff07ee18000-7ff07f018000 ---p 00002000 08:01 15341061                   /usr/lib/jvm/java-8-openjdk-amd64/jre/lib/amd64/libnpt.so
7ff07f018000-7ff07f019000 r--p 00002000 08:01 15341061                   /usr/lib/jvm/java-8-openjdk-amd64/jre/lib/amd64/libnpt.so
7ff07f019000-7ff07f01a000 rw-p 00003000 08:01 15341061                   /usr/lib/jvm/java-8-openjdk-amd64/jre/lib/amd64/libnpt.so
7ff07f01a000-7ff07f055000 r-xp 00000000 08:01 15341054                   /usr/lib/jvm/java-8-openjdk-amd64/jre/lib/amd64/libjdwp.so
7ff07f055000-7ff07f254000 ---p 0003b000 08:01 15341054                   /usr/lib/jvm/java-8-openjdk-amd64/jre/lib/amd64/libjdwp.so
7ff07f254000-7ff07f255000 r--p 0003a000 08:01 15341054                   /usr/lib/jvm/java-8-openjdk-amd64/jre/lib/amd64/libjdwp.so
7ff07f255000-7ff07f256000 rw-p 0003b000 08:01 15341054                   /usr/lib/jvm/java-8-openjdk-amd64/jre/lib/amd64/libjdwp.so
7ff07f256000-7ff07f283000 r-xp 00000000 08:01 15341065                   /usr/lib/jvm/java-8-openjdk-amd64/jre/lib/amd64/libjava.so
7ff07f283000-7ff07f482000 ---p 0002d000 08:01 15341065                   /usr/lib/jvm/java-8-openjdk-amd64/jre/lib/amd64/libjava.so
7ff07f482000-7ff07f483000 r--p 0002c000 08:01 15341065                   /usr/lib/jvm/java-8-openjdk-amd64/jre/lib/amd64/libjava.so
7ff07f483000-7ff07f485000 rw-p 0002d000 08:01 15341065                   /usr/lib/jvm/java-8-openjdk-amd64/jre/lib/amd64/libjava.so
7ff07f485000-7ff07f494000 r-xp 00000000 08:01 15341044                   /usr/lib/jvm/java-8-openjdk-amd64/jre/lib/amd64/libverify.so
7ff07f494000-7ff07f693000 ---p 0000f000 08:01 15341044                   /usr/lib/jvm/java-8-openjdk-amd64/jre/lib/amd64/libverify.so
7ff07f693000-7ff07f695000 r--p 0000e000 08:01 15341044                   /usr/lib/jvm/java-8-openjdk-amd64/jre/lib/amd64/libverify.so
7ff07f695000-7ff07f696000 rw-p 00010000 08:01 15341044                   /usr/lib/jvm/java-8-openjdk-amd64/jre/lib/amd64/libverify.so
7ff07f696000-7ff07f69d000 r-xp 00000000 08:01 11534434                   /lib/x86_64-linux-gnu/librt-2.23.so
7ff07f69d000-7ff07f89c000 ---p 00007000 08:01 11534434                   /lib/x86_64-linux-gnu/librt-2.23.so
7ff07f89c000-7ff07f89d000 r--p 00006000 08:01 11534434                   /lib/x86_64-linux-gnu/librt-2.23.so
7ff07f89d000-7ff07f89e000 rw-p 00007000 08:01 11534434                   /lib/x86_64-linux-gnu/librt-2.23.so
7ff07f89e000-7ff07f8b4000 r-xp 00000000 08:01 11538877                   /lib/x86_64-linux-gnu/libgcc_s.so.1
7ff07f8b4000-7ff07fab3000 ---p 00016000 08:01 11538877                   /lib/x86_64-linux-gnu/libgcc_s.so.1
7ff07fab3000-7ff07fab4000 rw-p 00015000 08:01 11538877                   /lib/x86_64-linux-gnu/libgcc_s.so.1
7ff07fab4000-7ff07fbbc000 r-xp 00000000 08:01 11538861                   /lib/x86_64-linux-gnu/libm-2.23.so
7ff07fbbc000-7ff07fdbb000 ---p 00108000 08:01 11538861                   /lib/x86_64-linux-gnu/libm-2.23.so
7ff07fdbb000-7ff07fdbc000 r--p 00107000 08:01 11538861                   /lib/x86_64-linux-gnu/libm-2.23.so
7ff07fdbc000-7ff07fdbd000 rw-p 00108000 08:01 11538861                   /lib/x86_64-linux-gnu/libm-2.23.so
7ff07fdbd000-7ff07ff2f000 r-xp 00000000 08:01 15214125                   /usr/lib/x86_64-linux-gnu/libstdc++.so.6.0.21
7ff07ff2f000-7ff08012f000 ---p 00172000 08:01 15214125                   /usr/lib/x86_64-linux-gnu/libstdc++.so.6.0.21
7ff08012f000-7ff080139000 r--p 00172000 08:01 15214125                   /usr/lib/x86_64-linux-gnu/libstdc++.so.6.0.21
7ff080139000-7ff08013b000 rw-p 0017c000 08:01 15214125                   /usr/lib/x86_64-linux-gnu/libstdc++.so.6.0.21
7ff08013b000-7ff08013f000 rw-p 00000000 00:00 0 
7ff08013f000-7ff080d93000 r-xp 00000000 08:01 15341049                   /usr/lib/jvm/java-8-openjdk-amd64/jre/lib/amd64/server/libjvm.so
7ff080d93000-7ff080f93000 ---p 00c54000 08:01 15341049                   /usr/lib/jvm/java-8-openjdk-amd64/jre/lib/amd64/server/libjvm.so
7ff080f93000-7ff081026000 r--p 00c54000 08:01 15341049                   /usr/lib/jvm/java-8-openjdk-amd64/jre/lib/amd64/server/libjvm.so
7ff081026000-7ff08104f000 rw-p 00ce7000 08:01 15341049                   /usr/lib/jvm/java-8-openjdk-amd64/jre/lib/amd64/server/libjvm.so
7ff08104f000-7ff08107f000 rw-p 00000000 00:00 0 
7ff08107f000-7ff081097000 r-xp 00000000 08:01 11534431                   /lib/x86_64-linux-gnu/libpthread-2.23.so
7ff081097000-7ff081296000 ---p 00018000 08:01 11534431                   /lib/x86_64-linux-gnu/libpthread-2.23.so
7ff081296000-7ff081297000 r--p 00017000 08:01 11534431                   /lib/x86_64-linux-gnu/libpthread-2.23.so
7ff081297000-7ff081298000 rw-p 00018000 08:01 11534431                   /lib/x86_64-linux-gnu/libpthread-2.23.so
7ff081298000-7ff08129c000 rw-p 00000000 00:00 0 
7ff08129c000-7ff08129f000 r-xp 00000000 08:01 11538741                   /lib/x86_64-linux-gnu/libdl-2.23.so
7ff08129f000-7ff08149e000 ---p 00003000 08:01 11538741                   /lib/x86_64-linux-gnu/libdl-2.23.so
7ff08149e000-7ff08149f000 r--p 00002000 08:01 11538741                   /lib/x86_64-linux-gnu/libdl-2.23.so
7ff08149f000-7ff0814a0000 rw-p 00003000 08:01 11538741                   /lib/x86_64-linux-gnu/libdl-2.23.so
7ff0814a0000-7ff0814b9000 r-xp 00000000 08:01 11538796                   /lib/x86_64-linux-gnu/libz.so.1.2.8
7ff0814b9000-7ff0816b8000 ---p 00019000 08:01 11538796                   /lib/x86_64-linux-gnu/libz.so.1.2.8
7ff0816b8000-7ff0816b9000 r--p 00018000 08:01 11538796                   /lib/x86_64-linux-gnu/libz.so.1.2.8
7ff0816b9000-7ff0816ba000 rw-p 00019000 08:01 11538796                   /lib/x86_64-linux-gnu/libz.so.1.2.8
7ff0816ba000-7ff08187a000 r-xp 00000000 08:01 11538928                   /lib/x86_64-linux-gnu/libc-2.23.so
7ff08187a000-7ff081a7a000 ---p 001c0000 08:01 11538928                   /lib/x86_64-linux-gnu/libc-2.23.so
7ff081a7a000-7ff081a7e000 r--p 001c0000 08:01 11538928                   /lib/x86_64-linux-gnu/libc-2.23.so
7ff081a7e000-7ff081a80000 rw-p 001c4000 08:01 11538928                   /lib/x86_64-linux-gnu/libc-2.23.so
7ff081a80000-7ff081a84000 rw-p 00000000 00:00 0 
7ff081a84000-7ff081a91000 r-xp 00000000 08:01 15341042                   /usr/lib/jvm/java-8-openjdk-amd64/jre/lib/amd64/jli/libjli.so
7ff081a91000-7ff081c91000 ---p 0000d000 08:01 15341042                   /usr/lib/jvm/java-8-openjdk-amd64/jre/lib/amd64/jli/libjli.so
7ff081c91000-7ff081c92000 r--p 0000d000 08:01 15341042                   /usr/lib/jvm/java-8-openjdk-amd64/jre/lib/amd64/jli/libjli.so
7ff081c92000-7ff081c93000 rw-p 0000e000 08:01 15341042                   /usr/lib/jvm/java-8-openjdk-amd64/jre/lib/amd64/jli/libjli.so
7ff081c93000-7ff081cb9000 r-xp 00000000 08:01 11534426                   /lib/x86_64-linux-gnu/ld-2.23.so
7ff081cb9000-7ff081cbb000 r--s 0000a000 08:01 15731670                   /root/.gradle/caches/modules-2/files-2.1/org.jdeferred/jdeferred-core/1.2.6/e5c180cd40977c2b8211fe1f023ad87f76e3aad3/jdeferred-core-1.2.6.jar
7ff081cbb000-7ff081cbd000 r--s 00001000 08:01 15341032                   /usr/lib/jvm/java-8-openjdk-amd64/jre/lib/ext/dnsns.jar
7ff081cbd000-7ff081cd8000 r--s 001d6000 08:01 15341029                   /usr/lib/jvm/java-8-openjdk-amd64/jre/lib/ext/nashorn.jar
7ff081cd8000-7ff081d9a000 rw-p 00000000 00:00 0 
7ff081d9a000-7ff081d9d000 ---p 00000000 00:00 0 
7ff081d9d000-7ff081ea0000 rw-p 00000000 00:00 0 
7ff081ea0000-7ff081ea1000 r--s 00010000 08:01 15341037                   /usr/lib/jvm/java-8-openjdk-amd64/jre/lib/ext/zipfs.jar
7ff081ea1000-7ff081ea6000 r--s 0003b000 08:01 15341034                   /usr/lib/jvm/java-8-openjdk-amd64/jre/lib/ext/sunjce_provider.jar
7ff081ea6000-7ff081ea7000 r--s 0000a000 08:01 15341033                   /usr/lib/jvm/java-8-openjdk-amd64/jre/lib/ext/jaccess.jar
7ff081ea7000-7ff081ea9000 r--s 00008000 08:01 15341036                   /usr/lib/jvm/java-8-openjdk-amd64/jre/lib/ext/sunec.jar
7ff081ea9000-7ff081eac000 r--s 0000f000 08:01 15341035                   /usr/lib/jvm/java-8-openjdk-amd64/jre/lib/ext/icedtea-sound.jar
7ff081eac000-7ff081eb4000 rw-s 00000000 08:01 15731662                   /tmp/hsperfdata_root/17709
7ff081eb4000-7ff081eb5000 rw-p 00000000 00:00 0 
7ff081eb5000-7ff081eb6000 r--p 00000000 00:00 0 
7ff081eb6000-7ff081eb8000 rw-p 00000000 00:00 0 
7ff081eb8000-7ff081eb9000 r--p 00025000 08:01 11534426                   /lib/x86_64-linux-gnu/ld-2.23.so
7ff081eb9000-7ff081eba000 rw-p 00026000 08:01 11534426                   /lib/x86_64-linux-gnu/ld-2.23.so
7ff081eba000-7ff081ebb000 rw-p 00000000 00:00 0 
7fff57d46000-7fff57d68000 rw-p 00000000 00:00 0                          [stack]
7fff57d6d000-7fff57d6f000 r--p 00000000 00:00 0                          [vvar]
7fff57d6f000-7fff57d71000 r-xp 00000000 00:00 0                          [vdso]
ffffffffff600000-ffffffffff601000 r-xp 00000000 00:00 0                  [vsyscall]

VM Arguments:
jvm_args: -agentlib:jdwp=transport=dt_socket,suspend=y,address=localhost:44391 -Dfile.encoding=UTF-8 
java_command: net.tomp2p.connection.sctp.SctpReceiverTestDriver
java_class_path (initial): /root/git/TomP2P/core/bin:/root/.gradle/caches/modules-2/files-2.1/ch.qos.logback/logback-classic/1.1.3/d90276fff414f06cb375f2057f6778cd63c6082f/logback-classic-1.1.3.jar:/root/.gradle/caches/modules-2/files-2.1/org.jdeferred/jdeferred-core/1.2.6/e5c180cd40977c2b8211fe1f023ad87f76e3aad3/jdeferred-core-1.2.6.jar:/root/.gradle/caches/modules-2/files-2.1/org.slf4j/slf4j-api/1.7.21/139535a69a4239db087de9bab0bee568bf8e0b70/slf4j-api-1.7.21.jar:/root/.gradle/caches/modules-2/files-2.1/org.projectlombok/lombok/1.16.18/557d13dcb647038dc687390711ccb5c9b3ffbd60/lombok-1.16.18.jar:/root/.gradle/caches/modules-2/files-2.1/io.netty/netty-handler/4.1.9.Final/e8caa6945995ccd03b232d6b31ee698668b47a1f/netty-handler-4.1.9.Final.jar:/root/.gradle/caches/modules-2/files-2.1/io.netty/netty-codec/4.1.9.Final/f41b5fdaaaf7b1e8de4e05be5f5b540f3b205959/netty-codec-4.1.9.Final.jar:/root/.gradle/caches/modules-2/files-2.1/io.netty/netty-transport/4.1.9.Final/aaeed88d6a5c0bfc8d7a78225f4f093544470f5a/netty-transport-4.1.9.Final.jar:/root/.gradle/caches/modules-2/files-2.1/io.netty/netty-buffer/4.1.9.Final/6ec75e26374569ec0120c63c50fb930c48270e0d/netty-buffer-4.1.9.Final.jar:/root/.gradle/caches/modules-2/files-2.1/org.apache.felix/org.osgi.core/1.4.0/fc7e9bfe0ca47736a5ed2ffcffe8b07c977c4444/org.osgi.core-1.4.0.jar:/root/.gradle/caches/modules-2/files-2.1/io.netty/netty-all/4.1.9.Final/97860965d6a0a6b98e7f569f3f966727b8db75/netty-all-4.1.9.Final.jar:/root/.gradle/caches/modules-2/files-2.1/org.javassist/javassist/3.21.0-GA/598244f595db5c5fb713731eddbb1c91a58d959b/javassist-3.21.0-GA.jar:/root/.gradle/caches/modules-2/files-2.1/net.java.dev.jna/jna/4.4.0/cb208278274bf12ebdb56c61bd7407e6f774d65a/jna-4.4.0.jar:/root/.gradle/caches/modules-2/files-2.1/io.netty/netty-resolver/4.1.9.Final/9e1f26ad1988fcbe0fc824940dfe6de9d2f438da/netty-resolver-4.1.9.Final.jar:/root/.gradle/caches/modules-2/files-2.1/io.netty/netty-common/4.1.9.Final/7c6ba17f3b9e08fbbfc000fa3ce46208446a0019/
Launcher Type: SUN_STANDARD

Environment Variables:
PATH=/usr/local/sbin:/usr/local/bin:/usr/sbin:/usr/bin:/sbin:/bin:/usr/games:/usr/local/games
USERNAME=root
SHELL=/bin/bash
DISPLAY=:0.0

Signal Handlers:
SIGSEGV: [libjvm.so+0xa6ad10], sa_mask[0]=11111111011111111101111111111110, sa_flags=SA_RESTART|SA_SIGINFO
SIGBUS: [libjvm.so+0xa6ad10], sa_mask[0]=11111111011111111101111111111110, sa_flags=SA_RESTART|SA_SIGINFO
SIGFPE: [libjvm.so+0x8b3bc0], sa_mask[0]=11111111011111111101111111111110, sa_flags=SA_RESTART|SA_SIGINFO
SIGPIPE: [libjvm.so+0x8b3bc0], sa_mask[0]=11111111011111111101111111111110, sa_flags=SA_RESTART|SA_SIGINFO
SIGXFSZ: [libjvm.so+0x8b3bc0], sa_mask[0]=11111111011111111101111111111110, sa_flags=SA_RESTART|SA_SIGINFO
SIGILL: [libjvm.so+0x8b3bc0], sa_mask[0]=11111111011111111101111111111110, sa_flags=SA_RESTART|SA_SIGINFO
SIGUSR1: SIG_DFL, sa_mask[0]=00000000000000000000000000000000, sa_flags=none
SIGUSR2: [libjvm.so+0x8b3a70], sa_mask[0]=00100000000000000000000000000000, sa_flags=SA_RESTART|SA_SIGINFO
SIGHUP: [libjvm.so+0x8b3f40], sa_mask[0]=11111111011111111101111111111110, sa_flags=SA_RESTART|SA_SIGINFO
SIGINT: [libjvm.so+0x8b3f40], sa_mask[0]=11111111011111111101111111111110, sa_flags=SA_RESTART|SA_SIGINFO
SIGTERM: [libjvm.so+0x8b3f40], sa_mask[0]=11111111011111111101111111111110, sa_flags=SA_RESTART|SA_SIGINFO
SIGQUIT: [libjvm.so+0x8b3f40], sa_mask[0]=11111111011111111101111111111110, sa_flags=SA_RESTART|SA_SIGINFO


---------------  S Y S T E M  ---------------

OS:DISTRIB_ID=Ubuntu
DISTRIB_RELEASE=16.04
DISTRIB_CODENAME=xenial
DISTRIB_DESCRIPTION="Ubuntu 16.04.3 LTS"

uname:Linux 4.8.0-58-generic #63~16.04.1-Ubuntu SMP Mon Jun 26 18:08:51 UTC 2017 x86_64
libc:glibc 2.23 NPTL 2.23 
rlimit: STACK 8192k, CORE 0k, NPROC 24337, NOFILE 1048576, AS infinity
load average:0.22 0.24 0.29

/proc/meminfo:
MemTotal:        6273360 kB
MemFree:          788608 kB
MemAvailable:    2912936 kB
Buffers:          102212 kB
Cached:          2325456 kB
SwapCached:            0 kB
Active:          3853280 kB
Inactive:        1373204 kB
Active(anon):    2799932 kB
Inactive(anon):   140380 kB
Active(file):    1053348 kB
Inactive(file):  1232824 kB
Unevictable:          32 kB
Mlocked:              32 kB
SwapTotal:       6456316 kB
SwapFree:        6456316 kB
Dirty:               408 kB
Writeback:             0 kB
AnonPages:       2593808 kB
Mapped:           332160 kB
Shmem:            141488 kB
Slab:             152624 kB
SReclaimable:     119060 kB
SUnreclaim:        33564 kB
KernelStack:        9376 kB
PageTables:        31144 kB
NFS_Unstable:          0 kB
Bounce:                0 kB
WritebackTmp:          0 kB
CommitLimit:     9592996 kB
Committed_AS:    5652772 kB
VmallocTotal:   34359738367 kB
VmallocUsed:           0 kB
VmallocChunk:          0 kB
HardwareCorrupted:     0 kB
AnonHugePages:   1513472 kB
ShmemHugePages:        0 kB
ShmemPmdMapped:        0 kB
CmaTotal:              0 kB
CmaFree:               0 kB
HugePages_Total:       0
HugePages_Free:        0
HugePages_Rsvd:        0
HugePages_Surp:        0
Hugepagesize:       2048 kB
DirectMap4k:      108368 kB
DirectMap2M:     6350848 kB


CPU:total 4 (initial active 4) (2 cores per cpu, 2 threads per core) family 6 model 58 stepping 9, cmov, cx8, fxsr, mmx, sse, sse2, sse3, ssse3, sse4.1, sse4.2, popcnt, avx, aes, clmul, erms, ht, tsc, tscinvbit, tscinv

/proc/cpuinfo:
processor	: 0
vendor_id	: GenuineIntel
cpu family	: 6
model		: 58
model name	: Intel(R) Core(TM) i7-3520M CPU @ 2.90GHz
stepping	: 9
microcode	: 0x1b
cpu MHz		: 3399.853
cache size	: 4096 KB
physical id	: 0
siblings	: 4
core id		: 0
cpu cores	: 2
apicid		: 0
initial apicid	: 0
fpu		: yes
fpu_exception	: yes
cpuid level	: 13
wp		: yes
flags		: fpu vme de pse tsc msr pae mce cx8 apic sep mtrr pge mca cmov pat pse36 clflush dts acpi mmx fxsr sse sse2 ss ht tm pbe syscall nx rdtscp lm constant_tsc arch_perfmon pebs bts rep_good nopl xtopology nonstop_tsc aperfmperf eagerfpu pni pclmulqdq dtes64 monitor ds_cpl vmx smx est tm2 ssse3 cx16 xtpr pdcm pcid sse4_1 sse4_2 x2apic popcnt tsc_deadline_timer aes xsave avx f16c rdrand lahf_lm epb tpr_shadow vnmi flexpriority ept vpid fsgsbase smep erms xsaveopt dtherm ida arat pln pts
bugs		:
bogomips	: 5786.98
clflush size	: 64
cache_alignment	: 64
address sizes	: 36 bits physical, 48 bits virtual
power management:

processor	: 1
vendor_id	: GenuineIntel
cpu family	: 6
model		: 58
model name	: Intel(R) Core(TM) i7-3520M CPU @ 2.90GHz
stepping	: 9
microcode	: 0x1b
cpu MHz		: 3399.853
cache size	: 4096 KB
physical id	: 0
siblings	: 4
core id		: 0
cpu cores	: 2
apicid		: 1
initial apicid	: 1
fpu		: yes
fpu_exception	: yes
cpuid level	: 13
wp		: yes
flags		: fpu vme de pse tsc msr pae mce cx8 apic sep mtrr pge mca cmov pat pse36 clflush dts acpi mmx fxsr sse sse2 ss ht tm pbe syscall nx rdtscp lm constant_tsc arch_perfmon pebs bts rep_good nopl xtopology nonstop_tsc aperfmperf eagerfpu pni pclmulqdq dtes64 monitor ds_cpl vmx smx est tm2 ssse3 cx16 xtpr pdcm pcid sse4_1 sse4_2 x2apic popcnt tsc_deadline_timer aes xsave avx f16c rdrand lahf_lm epb tpr_shadow vnmi flexpriority ept vpid fsgsbase smep erms xsaveopt dtherm ida arat pln pts
bugs		:
bogomips	: 5786.98
clflush size	: 64
cache_alignment	: 64
address sizes	: 36 bits physical, 48 bits virtual
power management:

processor	: 2
vendor_id	: GenuineIntel
cpu family	: 6
model		: 58
model name	: Intel(R) Core(TM) i7-3520M CPU @ 2.90GHz
stepping	: 9
microcode	: 0x1b
cpu MHz		: 3419.323
cache size	: 4096 KB
physical id	: 0
siblings	: 4
core id		: 1
cpu cores	: 2
apicid		: 2
initial apicid	: 2
fpu		: yes
fpu_exception	: yes
cpuid level	: 13
wp		: yes
flags		: fpu vme de pse tsc msr pae mce cx8 apic sep mtrr pge mca cmov pat pse36 clflush dts acpi mmx fxsr sse sse2 ss ht tm pbe syscall nx rdtscp lm constant_tsc arch_perfmon pebs bts rep_good nopl xtopology nonstop_tsc aperfmperf eagerfpu pni pclmulqdq dtes64 monitor ds_cpl vmx smx est tm2 ssse3 cx16 xtpr pdcm pcid sse4_1 sse4_2 x2apic popcnt tsc_deadline_timer aes xsave avx f16c rdrand lahf_lm epb tpr_shadow vnmi flexpriority ept vpid fsgsbase smep erms xsaveopt dtherm ida arat pln pts
bugs		:
bogomips	: 5786.98
clflush size	: 64
cache_alignment	: 64
address sizes	: 36 bits physical, 48 bits virtual
power management:

processor	: 3
vendor_id	: GenuineIntel
cpu family	: 6
model		: 58
model name	: Intel(R) Core(TM) i7-3520M CPU @ 2.90GHz
stepping	: 9
microcode	: 0x1b
cpu MHz		: 3399.853
cache size	: 4096 KB
physical id	: 0
siblings	: 4
core id		: 1
cpu cores	: 2
apicid		: 3
initial apicid	: 3
fpu		: yes
fpu_exception	: yes
cpuid level	: 13
wp		: yes
flags		: fpu vme de pse tsc msr pae mce cx8 apic sep mtrr pge mca cmov pat pse36 clflush dts acpi mmx fxsr sse sse2 ss ht tm pbe syscall nx rdtscp lm constant_tsc arch_perfmon pebs bts rep_good nopl xtopology nonstop_tsc aperfmperf eagerfpu pni pclmulqdq dtes64 monitor ds_cpl vmx smx est tm2 ssse3 cx16 xtpr pdcm pcid sse4_1 sse4_2 x2apic popcnt tsc_deadline_timer aes xsave avx f16c rdrand lahf_lm epb tpr_shadow vnmi flexpriority ept vpid fsgsbase smep erms xsaveopt dtherm ida arat pln pts
bugs		:
bogomips	: 5786.98
clflush size	: 64
cache_alignment	: 64
address sizes	: 36 bits physical, 48 bits virtual
power management:



Memory: 4k page, physical 6273360k(788360k free), swap 6456316k(6456316k free)

vm_info: OpenJDK 64-Bit Server VM (25.131-b11) for linux-amd64 JRE (1.8.0_131-8u131-b11-2ubuntu1.16.04.3-b11), built on Jul 28 2017 01:23:32 by "buildd" with gcc 5.4.0 20160609

time: Tue Aug  8 13:53:41 2017
elapsed time: 0 seconds (0d 0h 0m 0s)

