#
# A fatal error has been detected by the Java Runtime Environment:
#
#  SIGSEGV (0xb) at pc=0x00007fe3799f6128, pid=18275, tid=0x00007fe3a3b6c700
#
# JRE version: OpenJDK Runtime Environment (8.0_131-b11) (build 1.8.0_131-8u131-b11-2ubuntu1.16.04.3-b11)
# Java VM: OpenJDK 64-Bit Server VM (25.131-b11 mixed mode linux-amd64 compressed oops)
# Problematic frame:
# C  [libusrsctp.so.1+0x71128]  sctp_find_ifn+0x36
#
# Failed to write core dump. Core dumps have been disabled. To enable core dumping, try "ulimit -c unlimited" before starting Java again
#
# If you would like to submit a bug report, please visit:
#   http://bugreport.java.com/bugreport/crash.jsp
# The crash happened outside the Java Virtual Machine in native code.
# See problematic frame for where to report the bug.
#

---------------  T H R E A D  ---------------

Current thread (0x00007fe39c00e800):  JavaThread "main" [_thread_in_native, id=18277, stack(0x00007fe3a3a6c000,0x00007fe3a3b6d000)]

siginfo: si_signo: 11 (SIGSEGV), si_code: 1 (SEGV_MAPERR), si_addr: 0x0000000000000000

Registers:
RAX=0x0000000000000000, RBX=0x00007fe3889487f8, RCX=0x00000000ffffffff, RDX=0x0000000000000000
RSP=0x00007fe3a3b6b6b0, RBP=0x00007fe3a3b6b6b0, RSI=0x00000000ffffffff, RDI=0x0000000000000000
R8 =0x00007fe379c4cbb8, R9 =0x0000000000000000, R10=0x0000000000000057, R11=0x00007fe3799f60f2
R12=0x0000000000000000, R13=0x00007fe3889487f8, R14=0x00007fe3a3b6b8c8, R15=0x00007fe39c00e800
RIP=0x00007fe3799f6128, EFLAGS=0x0000000000010246, CSGSFS=0x002b000000000033, ERR=0x0000000000000004
  TRAPNO=0x000000000000000e

Top of Stack: (sp=0x00007fe3a3b6b6b0)
0x00007fe3a3b6b6b0:   00007fe3a3b6b760 00007fe3799f6cb7
0x00007fe3a3b6b6c0:   0000000000000000 0000000000000000
0x00007fe3a3b6b6d0:   00007fe379a38f9a 0000000000000000
0x00007fe3a3b6b6e0:   0000000000000000 00000000ffffffff
0x00007fe3a3b6b6f0:   0000000000000000 0000000000000000
0x00007fe3a3b6b700:   00007fe3a3b6b7a0 0000000000000000
0x00007fe3a3b6b710:   0000000000000000 0000000000000000
0x00007fe3a3b6b720:   0000000000000000 00007fe379a38f9a
0x00007fe3a3b6b730:   0000000000000000 0000000000000000
0x00007fe3a3b6b740:   00007fe3a3b6b7a0 0000000000000000
0x00007fe3a3b6b750:   00007fe3889487f8 00007fe3889487f8
0x00007fe3a3b6b760:   00007fe3a3b6b7c0 00007fe37999d8ce
0x00007fe3a3b6b770:   00007fe3a3b6b7a0 0000000000000000
0x00007fe3a3b6b780:   0000000000000000 00007fe37999d887
0x00007fe3a3b6b790:   0000000000000004 00007fe39c490c90
0x00007fe3a3b6b7a0:   000000000000007b 00007fe39c490c90
0x00007fe3a3b6b7b0:   00007fe3889487f8 82b670993d63ca00
0x00007fe3a3b6b7c0:   00007fe3a3b6b850 00007fe379c658a4
0x00007fe3a3b6b7d0:   00007fe39c00e800 00000001889487f8
0x00007fe3a3b6b7e0:   00007fe3a3b6b8b8 00007fe39c00e9e0
0x00007fe3a3b6b7f0:   00007fe3889487f8 000000019c00e800
0x00007fe3a3b6b800:   00007fe3889487f8 00007fe39c00e800
0x00007fe3a3b6b810:   00007fe3a3b6b8c8 82b670993d63ca00
0x00007fe3a3b6b820:   00007fe3a3b6b850 00007fe3889487f8
0x00007fe3a3b6b830:   00007fe39c490c90 00007fe3889487f8
0x00007fe3a3b6b840:   00007fe3a3b6b8a8 82b670993d63ca00
0x00007fe3a3b6b850:   00007fe3a3b6b8a8 00007fe38cc049e4
0x00007fe3a3b6b860:   00007fe38cc04462 00007fe3a3b6b868
0x00007fe3a3b6b870:   00007fe3889487f8 00007fe3a3b6b8c8
0x00007fe3a3b6b880:   00007fe3889488b0 0000000000000000
0x00007fe3a3b6b890:   00007fe3889487f8 0000000000000000
0x00007fe3a3b6b8a0:   00007fe3a3b6b8c8 00007fe3a3b6b910 

Instructions: (pc=0x00007fe3799f6128)
0x00007fe3799f6108:   8b 4d e4 48 8b 05 46 4e 25 00 48 8b 40 50 48 21
0x00007fe3799f6118:   c8 48 c1 e0 03 48 01 d0 48 89 45 f8 48 8b 45 f8
0x00007fe3799f6128:   48 8b 00 48 89 45 f0 eb 46 48 8b 45 f0 8b 40 40
0x00007fe3799f6138:   3b 45 e4 75 06 48 8b 45 f0 eb 40 48 8b 45 f0 48 

Register to memory mapping:

RAX=0x0000000000000000 is an unknown value
RBX={method} {0x00007fe3889487f8} 'usrsctp_socket' '(I)J' in 'net/tomp2p/connection/sctp/Sctp'
RCX=0x00000000ffffffff is an unallocated location in the heap
RDX=0x0000000000000000 is an unknown value
RSP=0x00007fe3a3b6b6b0 is pointing into the stack for thread: 0x00007fe39c00e800
RBP=0x00007fe3a3b6b6b0 is pointing into the stack for thread: 0x00007fe39c00e800
RSI=0x00000000ffffffff is an unallocated location in the heap
RDI=0x0000000000000000 is an unknown value
R8 =0x00007fe379c4cbb8: system_base_info+0xd8 in /usr/lib/libusrsctp.so.1 at 0x00007fe379985000
R9 =0x0000000000000000 is an unknown value
R10=0x0000000000000057 is an unknown value
R11=0x00007fe3799f60f2: sctp_find_ifn+0 in /usr/lib/libusrsctp.so.1 at 0x00007fe379985000
R12=0x0000000000000000 is an unknown value
R13={method} {0x00007fe3889487f8} 'usrsctp_socket' '(I)J' in 'net/tomp2p/connection/sctp/Sctp'
R14=0x00007fe3a3b6b8c8 is pointing into the stack for thread: 0x00007fe39c00e800
R15=0x00007fe39c00e800 is a thread


Stack: [0x00007fe3a3a6c000,0x00007fe3a3b6d000],  sp=0x00007fe3a3b6b6b0,  free space=1021k
Native frames: (J=compiled Java code, j=interpreted, Vv=VM code, C=native code)
C  [libusrsctp.so.1+0x71128]  sctp_find_ifn+0x36
C  [libusrsctp.so.1+0x71cb7]  sctp_add_addr_to_vrf+0xce
C  [libusrsctp.so.1+0x188ce]  usrsctp_register_address+0x78
C  [libjnsctp.so+0x18a4]  Java_net_tomp2p_connection_sctp_Sctp_usrsctp_1socket+0x60
j  net.tomp2p.connection.sctp.Sctp.usrsctp_socket(I)J+0
j  net.tomp2p.connection.sctp.Sctp.createSocket(I)Lnet/tomp2p/connection/sctp/SctpSocket;+1
j  net.tomp2p.connection.sctp.SctpReceiver.<init>(Ljava/net/InetSocketAddress;)V+9
j  net.tomp2p.connection.sctp.SctpReceiverTestDriver.main([Ljava/lang/String;)V+43
v  ~StubRoutines::call_stub
V  [libjvm.so+0x66415b]
V  [libjvm.so+0x685e9e]
V  [libjvm.so+0x6887cf]
C  [libjli.so+0x3552]
C  [libjli.so+0x73dd]
C  [libpthread.so.0+0x76ba]  start_thread+0xca

Java frames: (J=compiled Java code, j=interpreted, Vv=VM code)
j  net.tomp2p.connection.sctp.Sctp.usrsctp_socket(I)J+0
j  net.tomp2p.connection.sctp.Sctp.createSocket(I)Lnet/tomp2p/connection/sctp/SctpSocket;+1
j  net.tomp2p.connection.sctp.SctpReceiver.<init>(Ljava/net/InetSocketAddress;)V+9
j  net.tomp2p.connection.sctp.SctpReceiverTestDriver.main([Ljava/lang/String;)V+43
v  ~StubRoutines::call_stub

---------------  P R O C E S S  ---------------

Java Threads: ( => current thread )
  0x00007fe39c0ce000 JavaThread "Service Thread" daemon [_thread_blocked, id=18305, stack(0x00007fe37a681000,0x00007fe37a782000)]
  0x00007fe39c0c9000 JavaThread "C1 CompilerThread2" daemon [_thread_blocked, id=18304, stack(0x00007fe37a782000,0x00007fe37a883000)]
  0x00007fe39c0c7000 JavaThread "C2 CompilerThread1" daemon [_thread_in_native, id=18303, stack(0x00007fe37a883000,0x00007fe37a984000)]
  0x00007fe39c0c4000 JavaThread "C2 CompilerThread0" daemon [_thread_in_native, id=18302, stack(0x00007fe37a984000,0x00007fe37aa85000)]
  0x00007fe35c001000 JavaThread "JDWP Command Reader" daemon [_thread_in_native, id=18298, stack(0x00007fe37aa85000,0x00007fe37ab86000)]
  0x00007fe39c0c2000 JavaThread "JDWP Event Helper Thread" daemon [_thread_blocked, id=18297, stack(0x00007fe37ab86000,0x00007fe37ac87000)]
  0x00007fe39c0be800 JavaThread "JDWP Transport Listener: dt_socket" daemon [_thread_blocked, id=18294, stack(0x00007fe37ac87000,0x00007fe37ad88000)]
  0x00007fe39c0ae800 JavaThread "Signal Dispatcher" daemon [_thread_blocked, id=18291, stack(0x00007fe37af8d000,0x00007fe37b08e000)]
  0x00007fe39c088000 JavaThread "Finalizer" daemon [_thread_blocked, id=18290, stack(0x00007fe37b08e000,0x00007fe37b18f000)]
  0x00007fe39c083800 JavaThread "Reference Handler" daemon [_thread_blocked, id=18289, stack(0x00007fe37b18f000,0x00007fe37b290000)]
=>0x00007fe39c00e800 JavaThread "main" [_thread_in_native, id=18277, stack(0x00007fe3a3a6c000,0x00007fe3a3b6d000)]

Other Threads:
  0x00007fe39c07c000 VMThread [stack: 0x00007fe37b290000,0x00007fe37b391000] [id=18288]
  0x00007fe39c0d0800 WatcherThread [stack: 0x00007fe37a580000,0x00007fe37a681000] [id=18306]

VM state:not at safepoint (normal execution)

VM Mutex/Monitor currently owned by a thread: None

Heap:
 PSYoungGen      total 28672K, used 13299K [0x00000000e0180000, 0x00000000e2180000, 0x0000000100000000)
  eden space 24576K, 54% used [0x00000000e0180000,0x00000000e0e7cd20,0x00000000e1980000)
  from space 4096K, 0% used [0x00000000e1d80000,0x00000000e1d80000,0x00000000e2180000)
  to   space 4096K, 0% used [0x00000000e1980000,0x00000000e1980000,0x00000000e1d80000)
 ParOldGen       total 65536K, used 0K [0x00000000a0400000, 0x00000000a4400000, 0x00000000e0180000)
  object space 65536K, 0% used [0x00000000a0400000,0x00000000a0400000,0x00000000a4400000)
 Metaspace       used 7542K, capacity 7596K, committed 7936K, reserved 1056768K
  class space    used 873K, capacity 912K, committed 1024K, reserved 1048576K

Card table byte_map: [0x00007fe38c526000,0x00007fe38c825000] byte_map_base: 0x00007fe38c024000

Marking Bits: (ParMarkBitMap*) 0x00007fe3a2d342c0
 Begin Bits: [0x00007fe389044000, 0x00007fe38a834000)
 End Bits:   [0x00007fe38a834000, 0x00007fe38c024000)

Polling page: 0x00007fe3a3b87000

CodeCache: size=245760Kb used=2208Kb max_used=2208Kb free=243551Kb
 bounds [0x00007fe38cbe5000, 0x00007fe38ce55000, 0x00007fe39bbe5000]
 total_blobs=719 nmethods=411 adapters=231
 compilation: enabled

Compilation events (10 events):
Event: 0.402 Thread 0x00007fe39c0c9000  409       3       java.util.concurrent.ConcurrentHashMap::putIfAbsent (8 bytes)
Event: 0.402 Thread 0x00007fe39c0c9000 nmethod 409 0x00007fe38ce06490 code [0x00007fe38ce06600, 0x00007fe38ce06828]
Event: 0.402 Thread 0x00007fe39c0c9000  408   !   3       sun.misc.URLClassPath$JarLoader::checkResource (55 bytes)
Event: 0.403 Thread 0x00007fe39c0c9000 nmethod 408 0x00007fe38ce0bc10 code [0x00007fe38ce0bde0, 0x00007fe38ce0c448]
Event: 0.403 Thread 0x00007fe39c0c9000  411       3       java.util.zip.ZipFile::getZipEntry (251 bytes)
Event: 0.404 Thread 0x00007fe39c0c9000 nmethod 411 0x00007fe38ce0c7d0 code [0x00007fe38ce0ca20, 0x00007fe38ce0d608]
Event: 0.404 Thread 0x00007fe39c0c9000  412       3       java.lang.Throwable::<init> (39 bytes)
Event: 0.404 Thread 0x00007fe39c0c9000 nmethod 412 0x00007fe38ce0da90 code [0x00007fe38ce0dc00, 0x00007fe38ce0df08]
Event: 0.406 Thread 0x00007fe39c0c9000  413       3       java.net.URI$Parser::charAt (9 bytes)
Event: 0.406 Thread 0x00007fe39c0c9000 nmethod 413 0x00007fe38ce0dfd0 code [0x00007fe38ce0e160, 0x00007fe38ce0e4c8]

GC Heap History (0 events):
No events

Deoptimization events (3 events):
Event: 0.350 Thread 0x00007fe39c00e800 Uncommon trap: reason=unstable_if action=reinterpret pc=0x00007fe38cd8a2e4 method=java.lang.String.replace(CC)Ljava/lang/String; @ 26
Event: 0.381 Thread 0x00007fe39c00e800 Uncommon trap: reason=unstable_if action=reinterpret pc=0x00007fe38cdc7e48 method=java.util.zip.ZipCoder.encoder()Ljava/nio/charset/CharsetEncoder; @ 4
Event: 0.385 Thread 0x00007fe39c00e800 Uncommon trap: reason=unstable_if action=reinterpret pc=0x00007fe38cd56c40 method=java.lang.String.indexOf([CII[CIII)I @ 3

Internal exceptions (10 events):
Event: 0.299 Thread 0x00007fe39c00e800 Exception <a 'java/lang/ArrayIndexOutOfBoundsException'> (0x00000000e09b74d8) thrown at [/build/openjdk-8-pZyJp3/openjdk-8-8u131-b11/src/hotspot/src/share/vm/runtime/sharedRuntime.cpp, line 605]
Event: 0.300 Thread 0x00007fe39c00e800 Exception <a 'java/lang/ClassNotFoundException': ch/qos/logback/core/pattern/PatternLayoutEncoderBaseCustomizer> (0x00000000e09cd0f8) thrown at [/build/openjdk-8-pZyJp3/openjdk-8-8u131-b11/src/hotspot/src/share/vm/classfile/systemDictionary.cpp, line 210]
Event: 0.300 Thread 0x00007fe39c00e800 Exception <a 'java/lang/ArrayIndexOutOfBoundsException'> (0x00000000e09d09d8) thrown at [/build/openjdk-8-pZyJp3/openjdk-8-8u131-b11/src/hotspot/src/share/vm/runtime/sharedRuntime.cpp, line 605]
Event: 0.301 Thread 0x00007fe39c00e800 Exception <a 'java/lang/ArrayIndexOutOfBoundsException'> (0x00000000e09d3638) thrown at [/build/openjdk-8-pZyJp3/openjdk-8-8u131-b11/src/hotspot/src/share/vm/runtime/sharedRuntime.cpp, line 605]
Event: 0.302 Thread 0x00007fe39c00e800 Exception <a 'java/lang/ClassNotFoundException': ch/qos/logback/classic/encoder/PatternLayoutEncoderCustomizer> (0x00000000e09eb510) thrown at [/build/openjdk-8-pZyJp3/openjdk-8-8u131-b11/src/hotspot/src/share/vm/classfile/systemDictionary.cpp, line 210]
Event: 0.302 Thread 0x00007fe39c00e800 Exception <a 'java/lang/ArrayIndexOutOfBoundsException'> (0x00000000e09ee858) thrown at [/build/openjdk-8-pZyJp3/openjdk-8-8u131-b11/src/hotspot/src/share/vm/runtime/sharedRuntime.cpp, line 605]
Event: 0.354 Thread 0x00007fe39c00e800 Exception <a 'java/lang/ClassNotFoundException': ch/qos/logback/core/FileAppenderBeanInfo> (0x00000000e0c5c3a0) thrown at [/build/openjdk-8-pZyJp3/openjdk-8-8u131-b11/src/hotspot/src/share/vm/classfile/systemDictionary.cpp, line 210]
Event: 0.354 Thread 0x00007fe39c00e800 Exception <a 'java/lang/ClassNotFoundException': ch/qos/logback/core/FileAppenderCustomizer> (0x00000000e0c64f08) thrown at [/build/openjdk-8-pZyJp3/openjdk-8-8u131-b11/src/hotspot/src/share/vm/classfile/systemDictionary.cpp, line 210]
Event: 0.355 Thread 0x00007fe39c00e800 Exception <a 'java/lang/ArrayIndexOutOfBoundsException'> (0x00000000e0c689c8) thrown at [/build/openjdk-8-pZyJp3/openjdk-8-8u131-b11/src/hotspot/src/share/vm/runtime/sharedRuntime.cpp, line 605]
Event: 0.381 Thread 0x00007fe39c00e800 Implicit null exception at 0x00007fe38cdc795a to 0x00007fe38cdc7e35

Events (10 events):
Event: 0.405 Thread 0x00007fe39c00e800 DEOPT PACKING pc=0x00007fe38cd4a0f4 sp=0x00007fe3a3b69f60
Event: 0.405 Thread 0x00007fe39c00e800 DEOPT UNPACKING pc=0x00007fe38cc2c373 sp=0x00007fe3a3b69da0 mode 1
Event: 0.405 loading class com/sun/jna/Native$2
Event: 0.405 loading class com/sun/jna/Native$2 done
Event: 0.405 Thread 0x00007fe39c00e800 DEOPT PACKING pc=0x00007fe38cd986a1 sp=0x00007fe3a3b69840
Event: 0.405 Thread 0x00007fe39c00e800 DEOPT UNPACKING pc=0x00007fe38cc2c373 sp=0x00007fe3a3b695b0 mode 1
Event: 0.405 Thread 0x00007fe39c00e800 DEOPT PACKING pc=0x00007fe38cd4a354 sp=0x00007fe3a3b698c0
Event: 0.405 Thread 0x00007fe39c00e800 DEOPT UNPACKING pc=0x00007fe38cc2c373 sp=0x00007fe3a3b69700 mode 1
Event: 0.406 Thread 0x00007fe39c00e800 DEOPT PACKING pc=0x00007fe38cd4a0f4 sp=0x00007fe3a3b69a50
Event: 0.406 Thread 0x00007fe39c00e800 DEOPT UNPACKING pc=0x00007fe38cc2c373 sp=0x00007fe3a3b69890 mode 1


Dynamic libraries:
00400000-00401000 r-xp 00000000 08:01 15341117                           /usr/lib/jvm/java-8-openjdk-amd64/jre/bin/java
00600000-00601000 r--p 00000000 08:01 15341117                           /usr/lib/jvm/java-8-openjdk-amd64/jre/bin/java
00601000-00602000 rw-p 00001000 08:01 15341117                           /usr/lib/jvm/java-8-openjdk-amd64/jre/bin/java
02245000-02266000 rw-p 00000000 00:00 0                                  [heap]
a0400000-a4400000 rw-p 00000000 00:00 0 
a4400000-e0180000 ---p 00000000 00:00 0 
e0180000-e2180000 rw-p 00000000 00:00 0 
e2180000-100000000 ---p 00000000 00:00 0 
100000000-100100000 rw-p 00000000 00:00 0 
100100000-140000000 ---p 00000000 00:00 0 
7fe340fff000-7fe344000000 rw-p 00000000 00:00 0 
7fe344000000-7fe344021000 rw-p 00000000 00:00 0 
7fe344021000-7fe348000000 ---p 00000000 00:00 0 
7fe348000000-7fe348021000 rw-p 00000000 00:00 0 
7fe348021000-7fe34c000000 ---p 00000000 00:00 0 
7fe34c000000-7fe34c0d5000 rw-p 00000000 00:00 0 
7fe34c0d5000-7fe350000000 ---p 00000000 00:00 0 
7fe350000000-7fe3501d8000 rw-p 00000000 00:00 0 
7fe3501d8000-7fe354000000 ---p 00000000 00:00 0 
7fe354000000-7fe354021000 rw-p 00000000 00:00 0 
7fe354021000-7fe358000000 ---p 00000000 00:00 0 
7fe358000000-7fe3580f0000 rw-p 00000000 00:00 0 
7fe3580f0000-7fe35c000000 ---p 00000000 00:00 0 
7fe35c000000-7fe35c021000 rw-p 00000000 00:00 0 
7fe35c021000-7fe360000000 ---p 00000000 00:00 0 
7fe360000000-7fe360021000 rw-p 00000000 00:00 0 
7fe360021000-7fe364000000 ---p 00000000 00:00 0 
7fe364000000-7fe364021000 rw-p 00000000 00:00 0 
7fe364021000-7fe368000000 ---p 00000000 00:00 0 
7fe368000000-7fe368021000 rw-p 00000000 00:00 0 
7fe368021000-7fe36c000000 ---p 00000000 00:00 0 
7fe36c000000-7fe36c021000 rw-p 00000000 00:00 0 
7fe36c021000-7fe370000000 ---p 00000000 00:00 0 
7fe370000000-7fe370021000 rw-p 00000000 00:00 0 
7fe370021000-7fe374000000 ---p 00000000 00:00 0 
7fe374000000-7fe374021000 rw-p 00000000 00:00 0 
7fe374021000-7fe378000000 ---p 00000000 00:00 0 
7fe379953000-7fe379985000 rw-p 00000000 00:00 0 
7fe379985000-7fe379a4b000 r-xp 00000000 08:01 15204795                   /usr/lib/libusrsctp.so.1.0.0
7fe379a4b000-7fe379c4a000 ---p 000c6000 08:01 15204795                   /usr/lib/libusrsctp.so.1.0.0
7fe379c4a000-7fe379c4b000 r--p 000c5000 08:01 15204795                   /usr/lib/libusrsctp.so.1.0.0
7fe379c4b000-7fe379c4d000 rw-p 000c6000 08:01 15204795                   /usr/lib/libusrsctp.so.1.0.0
7fe379c4d000-7fe379c4e000 rw-p 00000000 00:00 0 
7fe379c64000-7fe379c67000 r-xp 00000000 08:01 8391286                    /root/git/TomP2P/core/bin/linux-x86-64/libjnsctp.so
7fe379c67000-7fe379e66000 ---p 00003000 08:01 8391286                    /root/git/TomP2P/core/bin/linux-x86-64/libjnsctp.so
7fe379e66000-7fe379e67000 r--p 00002000 08:01 8391286                    /root/git/TomP2P/core/bin/linux-x86-64/libjnsctp.so
7fe379e67000-7fe379e68000 rw-p 00003000 08:01 8391286                    /root/git/TomP2P/core/bin/linux-x86-64/libjnsctp.so
7fe379e68000-7fe379e80000 r-xp 00000000 08:01 15731665                   /tmp/jna-3506402/jna3627221805926459166.tmp (deleted)
7fe379e80000-7fe37a07f000 ---p 00018000 08:01 15731665                   /tmp/jna-3506402/jna3627221805926459166.tmp (deleted)
7fe37a07f000-7fe37a081000 rw-p 00017000 08:01 15731665                   /tmp/jna-3506402/jna3627221805926459166.tmp (deleted)
7fe37a081000-7fe37a086000 r--s 0009a000 08:01 15341038                   /usr/lib/jvm/java-8-openjdk-amd64/jre/lib/jsse.jar
7fe37a086000-7fe37a097000 r-xp 00000000 08:01 15341041                   /usr/lib/jvm/java-8-openjdk-amd64/jre/lib/amd64/libnio.so
7fe37a097000-7fe37a297000 ---p 00011000 08:01 15341041                   /usr/lib/jvm/java-8-openjdk-amd64/jre/lib/amd64/libnio.so
7fe37a297000-7fe37a298000 r--p 00011000 08:01 15341041                   /usr/lib/jvm/java-8-openjdk-amd64/jre/lib/amd64/libnio.so
7fe37a298000-7fe37a299000 rw-p 00012000 08:01 15341041                   /usr/lib/jvm/java-8-openjdk-amd64/jre/lib/amd64/libnio.so
7fe37a299000-7fe37a29b000 r--s 00011000 08:01 15731643                   /root/.gradle/caches/modules-2/files-2.1/com.cedarsoftware/json-io/2.5.1/dd7fe37e5d02b93b014df08655da2b9e0dc2700a/json-io-2.5.1.jar
7fe37a29b000-7fe37a29d000 r--s 0000d000 08:01 15731642                   /root/.gradle/caches/modules-2/files-2.1/commons-logging/commons-logging/1.1.1/5043bfebc3db072ed80fbd362e7caf00e885d8ae/commons-logging-1.1.1.jar
7fe37a29d000-7fe37a29f000 r--s 00009000 08:01 15731641                   /root/.gradle/caches/modules-2/files-2.1/org.hamcrest/hamcrest-core/1.3/42a25dc3219429f0e5d060061f71acb49bf010a0/hamcrest-core-1.3.jar
7fe37a29f000-7fe37a2a1000 r--s 0000d000 08:01 15731640                   /root/.gradle/caches/modules-2/files-2.1/com.cedarsoftware/java-util/1.9.0/c5f6deb3213a693d0cc20a78b1052ecc9a2df09c/java-util-1.9.0.jar
7fe37a2a1000-7fe37a2c2000 r--s 00162000 08:01 15731639                   /root/.gradle/caches/modules-2/files-2.1/org.mockito/mockito-all/1.9.5/79a8984096fc6591c1e3690e07d41be506356fa5/mockito-all-1.9.5.jar
7fe37a2c2000-7fe37a2c8000 r--s 00036000 08:01 15731638                   /root/.gradle/caches/modules-2/files-2.1/junit/junit/4.11/4e031bb61df09069aeb2bffb4019e7a5034a4ee0/junit-4.11.jar
7fe37a2c8000-7fe37a2d3000 r--s 00065000 08:01 15731612                   /root/.gradle/caches/modules-2/files-2.1/ch.qos.logback/logback-core/1.1.3/e3c02049f2dbbc764681b40094ecf0dcbc99b157/logback-core-1.1.3.jar
7fe37a2d3000-7fe37a2de000 r--s 00076000 08:01 15731611                   /root/.gradle/caches/modules-2/files-2.1/io.netty/netty-common/4.1.9.Final/7c6ba17f3b9e08fbbfc000fa3ce46208446a0019/netty-common-4.1.9.Final.jar
7fe37a2de000-7fe37a2e2000 r--s 00107000 08:01 15731607                   /root/.gradle/caches/modules-2/files-2.1/net.java.dev.jna/jna/4.4.0/cb208278274bf12ebdb56c61bd7407e6f774d65a/jna-4.4.0.jar
7fe37a2e2000-7fe37a2ec000 r--s 000aa000 08:01 15731601                   /root/.gradle/caches/modules-2/files-2.1/org.javassist/javassist/3.21.0-GA/598244f595db5c5fb713731eddbb1c91a58d959b/javassist-3.21.0-GA.jar
7fe37a2ec000-7fe37a329000 r--s 0031d000 08:01 15731600                   /root/.gradle/caches/modules-2/files-2.1/io.netty/netty-all/4.1.9.Final/97860965d6a0a6b98e7f569f3f966727b8db75/netty-all-4.1.9.Final.jar
7fe37a329000-7fe37a32c000 r--s 00016000 08:01 15731606                   /root/.gradle/caches/modules-2/files-2.1/org.apache.felix/org.osgi.core/1.4.0/fc7e9bfe0ca47736a5ed2ffcffe8b07c977c4444/org.osgi.core-1.4.0.jar
7fe37a32c000-7fe37a32f000 r--s 0003f000 08:01 15731605                   /root/.gradle/caches/modules-2/files-2.1/io.netty/netty-buffer/4.1.9.Final/6ec75e26374569ec0120c63c50fb930c48270e0d/netty-buffer-4.1.9.Final.jar
7fe37a32f000-7fe37a338000 r--s 00061000 08:01 15731604                   /root/.gradle/caches/modules-2/files-2.1/io.netty/netty-transport/4.1.9.Final/aaeed88d6a5c0bfc8d7a78225f4f093544470f5a/netty-transport-4.1.9.Final.jar
7fe37a338000-7fe37a34d000 r--s 0014b000 08:01 15731599                   /root/.gradle/caches/modules-2/files-2.1/org.projectlombok/lombok/1.16.18/557d13dcb647038dc687390711ccb5c9b3ffbd60/lombok-1.16.18.jar
7fe37a34d000-7fe37a364000 r-xp 00000000 08:01 15341059                   /usr/lib/jvm/java-8-openjdk-amd64/jre/lib/amd64/libnet.so
7fe37a364000-7fe37a563000 ---p 00017000 08:01 15341059                   /usr/lib/jvm/java-8-openjdk-amd64/jre/lib/amd64/libnet.so
7fe37a563000-7fe37a564000 r--p 00016000 08:01 15341059                   /usr/lib/jvm/java-8-openjdk-amd64/jre/lib/amd64/libnet.so
7fe37a564000-7fe37a565000 rw-p 00017000 08:01 15341059                   /usr/lib/jvm/java-8-openjdk-amd64/jre/lib/amd64/libnet.so
7fe37a565000-7fe37a580000 r--s 00394000 08:01 15341028                   /usr/lib/jvm/java-8-openjdk-amd64/jre/lib/ext/cldrdata.jar
7fe37a580000-7fe37a581000 ---p 00000000 00:00 0 
7fe37a581000-7fe37a681000 rw-p 00000000 00:00 0 
7fe37a681000-7fe37a684000 ---p 00000000 00:00 0 
7fe37a684000-7fe37a782000 rw-p 00000000 00:00 0 
7fe37a782000-7fe37a785000 ---p 00000000 00:00 0 
7fe37a785000-7fe37a883000 rw-p 00000000 00:00 0 
7fe37a883000-7fe37a886000 ---p 00000000 00:00 0 
7fe37a886000-7fe37a984000 rw-p 00000000 00:00 0 
7fe37a984000-7fe37a987000 ---p 00000000 00:00 0 
7fe37a987000-7fe37aa85000 rw-p 00000000 00:00 0 
7fe37aa85000-7fe37aa88000 ---p 00000000 00:00 0 
7fe37aa88000-7fe37ab86000 rw-p 00000000 00:00 0 
7fe37ab86000-7fe37ab89000 ---p 00000000 00:00 0 
7fe37ab89000-7fe37ac87000 rw-p 00000000 00:00 0 
7fe37ac87000-7fe37ac8a000 ---p 00000000 00:00 0 
7fe37ac8a000-7fe37ad88000 rw-p 00000000 00:00 0 
7fe37ad88000-7fe37ad8c000 r-xp 00000000 08:01 15341064                   /usr/lib/jvm/java-8-openjdk-amd64/jre/lib/amd64/libdt_socket.so
7fe37ad8c000-7fe37af8b000 ---p 00004000 08:01 15341064                   /usr/lib/jvm/java-8-openjdk-amd64/jre/lib/amd64/libdt_socket.so
7fe37af8b000-7fe37af8c000 r--p 00003000 08:01 15341064                   /usr/lib/jvm/java-8-openjdk-amd64/jre/lib/amd64/libdt_socket.so
7fe37af8c000-7fe37af8d000 rw-p 00004000 08:01 15341064                   /usr/lib/jvm/java-8-openjdk-amd64/jre/lib/amd64/libdt_socket.so
7fe37af8d000-7fe37af90000 ---p 00000000 00:00 0 
7fe37af90000-7fe37b08e000 rw-p 00000000 00:00 0 
7fe37b08e000-7fe37b091000 ---p 00000000 00:00 0 
7fe37b091000-7fe37b18f000 rw-p 00000000 00:00 0 
7fe37b18f000-7fe37b192000 ---p 00000000 00:00 0 
7fe37b192000-7fe37b290000 rw-p 00000000 00:00 0 
7fe37b290000-7fe37b291000 ---p 00000000 00:00 0 
7fe37b291000-7fe37c000000 rw-p 00000000 00:00 0 
7fe37c000000-7fe37c021000 rw-p 00000000 00:00 0 
7fe37c021000-7fe380000000 ---p 00000000 00:00 0 
7fe380000000-7fe380021000 rw-p 00000000 00:00 0 
7fe380021000-7fe384000000 ---p 00000000 00:00 0 
7fe384000000-7fe384021000 rw-p 00000000 00:00 0 
7fe384021000-7fe388000000 ---p 00000000 00:00 0 
7fe388000000-7fe388006000 r--s 00046000 08:01 15731603                   /root/.gradle/caches/modules-2/files-2.1/io.netty/netty-codec/4.1.9.Final/f41b5fdaaaf7b1e8de4e05be5f5b540f3b205959/netty-codec-4.1.9.Final.jar
7fe388006000-7fe388378000 rw-p 00000000 00:00 0 
7fe388378000-7fe388546000 r--s 03c13000 08:01 15340068                   /usr/lib/jvm/java-8-openjdk-amd64/jre/lib/rt.jar
7fe388546000-7fe388c06000 rw-p 00000000 00:00 0 
7fe388c06000-7fe388d46000 ---p 00000000 00:00 0 
7fe388d46000-7fe38c024000 rw-p 00000000 00:00 0 
7fe38c024000-7fe38c025000 ---p 00000000 00:00 0 
7fe38c025000-7fe38c125000 rw-p 00000000 00:00 0 
7fe38c125000-7fe38c126000 ---p 00000000 00:00 0 
7fe38c126000-7fe38c226000 rw-p 00000000 00:00 0 
7fe38c226000-7fe38c227000 ---p 00000000 00:00 0 
7fe38c227000-7fe38c347000 rw-p 00000000 00:00 0 
7fe38c347000-7fe38c526000 ---p 00000000 00:00 0 
7fe38c526000-7fe38c546000 rw-p 00000000 00:00 0 
7fe38c546000-7fe38c724000 ---p 00000000 00:00 0 
7fe38c724000-7fe38c735000 rw-p 00000000 00:00 0 
7fe38c735000-7fe38c824000 ---p 00000000 00:00 0 
7fe38c824000-7fe38c82f000 rw-p 00000000 00:00 0 
7fe38c82f000-7fe38cbe5000 ---p 00000000 00:00 0 
7fe38cbe5000-7fe38ce55000 rwxp 00000000 00:00 0 
7fe38ce55000-7fe39bbe5000 ---p 00000000 00:00 0 
7fe39bbe5000-7fe39bbed000 r-xp 00000000 08:01 15341050                   /usr/lib/jvm/java-8-openjdk-amd64/jre/lib/amd64/libzip.so
7fe39bbed000-7fe39bdec000 ---p 00008000 08:01 15341050                   /usr/lib/jvm/java-8-openjdk-amd64/jre/lib/amd64/libzip.so
7fe39bdec000-7fe39bded000 r--p 00007000 08:01 15341050                   /usr/lib/jvm/java-8-openjdk-amd64/jre/lib/amd64/libzip.so
7fe39bded000-7fe39bdee000 rw-p 00008000 08:01 15341050                   /usr/lib/jvm/java-8-openjdk-amd64/jre/lib/amd64/libzip.so
7fe39bdee000-7fe39bdf9000 r-xp 00000000 08:01 11534429                   /lib/x86_64-linux-gnu/libnss_files-2.23.so
7fe39bdf9000-7fe39bff8000 ---p 0000b000 08:01 11534429                   /lib/x86_64-linux-gnu/libnss_files-2.23.so
7fe39bff8000-7fe39bff9000 r--p 0000a000 08:01 11534429                   /lib/x86_64-linux-gnu/libnss_files-2.23.so
7fe39bff9000-7fe39bffa000 rw-p 0000b000 08:01 11534429                   /lib/x86_64-linux-gnu/libnss_files-2.23.so
7fe39bffa000-7fe39c000000 rw-p 00000000 00:00 0 
7fe39c000000-7fe39c4a8000 rw-p 00000000 00:00 0 
7fe39c4a8000-7fe3a0000000 ---p 00000000 00:00 0 
7fe3a0000000-7fe3a0001000 r--s 00007000 08:01 15731610                   /root/.gradle/caches/modules-2/files-2.1/io.netty/netty-resolver/4.1.9.Final/9e1f26ad1988fcbe0fc824940dfe6de9d2f438da/netty-resolver-4.1.9.Final.jar
7fe3a0001000-7fe3a0007000 r--s 0004c000 08:01 15731602                   /root/.gradle/caches/modules-2/files-2.1/io.netty/netty-handler/4.1.9.Final/e8caa6945995ccd03b232d6b31ee698668b47a1f/netty-handler-4.1.9.Final.jar
7fe3a0007000-7fe3a0009000 r--s 00009000 08:01 15731671                   /root/.gradle/caches/modules-2/files-2.1/org.slf4j/slf4j-api/1.7.21/139535a69a4239db087de9bab0bee568bf8e0b70/slf4j-api-1.7.21.jar
7fe3a0009000-7fe3a000f000 r--s 0003f000 08:01 15731597                   /root/.gradle/caches/modules-2/files-2.1/ch.qos.logback/logback-classic/1.1.3/d90276fff414f06cb375f2057f6778cd63c6082f/logback-classic-1.1.3.jar
7fe3a000f000-7fe3a0013000 r--s 00037000 08:01 15341031                   /usr/lib/jvm/java-8-openjdk-amd64/jre/lib/ext/sunpkcs11.jar
7fe3a0013000-7fe3a001d000 r--s 00116000 08:01 15341030                   /usr/lib/jvm/java-8-openjdk-amd64/jre/lib/ext/localedata.jar
7fe3a001d000-7fe3a0093000 rw-p 00000000 00:00 0 
7fe3a0093000-7fe3a0094000 ---p 00000000 00:00 0 
7fe3a0094000-7fe3a0194000 rw-p 00000000 00:00 0 
7fe3a0194000-7fe3a019f000 r-xp 00000000 08:01 11534432                   /lib/x86_64-linux-gnu/libnss_nis-2.23.so
7fe3a019f000-7fe3a039e000 ---p 0000b000 08:01 11534432                   /lib/x86_64-linux-gnu/libnss_nis-2.23.so
7fe3a039e000-7fe3a039f000 r--p 0000a000 08:01 11534432                   /lib/x86_64-linux-gnu/libnss_nis-2.23.so
7fe3a039f000-7fe3a03a0000 rw-p 0000b000 08:01 11534432                   /lib/x86_64-linux-gnu/libnss_nis-2.23.so
7fe3a03a0000-7fe3a03b6000 r-xp 00000000 08:01 11534425                   /lib/x86_64-linux-gnu/libnsl-2.23.so
7fe3a03b6000-7fe3a05b5000 ---p 00016000 08:01 11534425                   /lib/x86_64-linux-gnu/libnsl-2.23.so
7fe3a05b5000-7fe3a05b6000 r--p 00015000 08:01 11534425                   /lib/x86_64-linux-gnu/libnsl-2.23.so
7fe3a05b6000-7fe3a05b7000 rw-p 00016000 08:01 11534425                   /lib/x86_64-linux-gnu/libnsl-2.23.so
7fe3a05b7000-7fe3a05b9000 rw-p 00000000 00:00 0 
7fe3a05b9000-7fe3a05c1000 r-xp 00000000 08:01 11538856                   /lib/x86_64-linux-gnu/libnss_compat-2.23.so
7fe3a05c1000-7fe3a07c0000 ---p 00008000 08:01 11538856                   /lib/x86_64-linux-gnu/libnss_compat-2.23.so
7fe3a07c0000-7fe3a07c1000 r--p 00007000 08:01 11538856                   /lib/x86_64-linux-gnu/libnss_compat-2.23.so
7fe3a07c1000-7fe3a07c2000 rw-p 00008000 08:01 11538856                   /lib/x86_64-linux-gnu/libnss_compat-2.23.so
7fe3a07c2000-7fe3a0ae8000 r--p 00000000 08:01 15204536                   /usr/lib/locale/locale-archive
7fe3a0ae8000-7fe3a0aea000 r-xp 00000000 08:01 15341061                   /usr/lib/jvm/java-8-openjdk-amd64/jre/lib/amd64/libnpt.so
7fe3a0aea000-7fe3a0cea000 ---p 00002000 08:01 15341061                   /usr/lib/jvm/java-8-openjdk-amd64/jre/lib/amd64/libnpt.so
7fe3a0cea000-7fe3a0ceb000 r--p 00002000 08:01 15341061                   /usr/lib/jvm/java-8-openjdk-amd64/jre/lib/amd64/libnpt.so
7fe3a0ceb000-7fe3a0cec000 rw-p 00003000 08:01 15341061                   /usr/lib/jvm/java-8-openjdk-amd64/jre/lib/amd64/libnpt.so
7fe3a0cec000-7fe3a0d27000 r-xp 00000000 08:01 15341054                   /usr/lib/jvm/java-8-openjdk-amd64/jre/lib/amd64/libjdwp.so
7fe3a0d27000-7fe3a0f26000 ---p 0003b000 08:01 15341054                   /usr/lib/jvm/java-8-openjdk-amd64/jre/lib/amd64/libjdwp.so
7fe3a0f26000-7fe3a0f27000 r--p 0003a000 08:01 15341054                   /usr/lib/jvm/java-8-openjdk-amd64/jre/lib/amd64/libjdwp.so
7fe3a0f27000-7fe3a0f28000 rw-p 0003b000 08:01 15341054                   /usr/lib/jvm/java-8-openjdk-amd64/jre/lib/amd64/libjdwp.so
7fe3a0f28000-7fe3a0f55000 r-xp 00000000 08:01 15341065                   /usr/lib/jvm/java-8-openjdk-amd64/jre/lib/amd64/libjava.so
7fe3a0f55000-7fe3a1154000 ---p 0002d000 08:01 15341065                   /usr/lib/jvm/java-8-openjdk-amd64/jre/lib/amd64/libjava.so
7fe3a1154000-7fe3a1155000 r--p 0002c000 08:01 15341065                   /usr/lib/jvm/java-8-openjdk-amd64/jre/lib/amd64/libjava.so
7fe3a1155000-7fe3a1157000 rw-p 0002d000 08:01 15341065                   /usr/lib/jvm/java-8-openjdk-amd64/jre/lib/amd64/libjava.so
7fe3a1157000-7fe3a1166000 r-xp 00000000 08:01 15341044                   /usr/lib/jvm/java-8-openjdk-amd64/jre/lib/amd64/libverify.so
7fe3a1166000-7fe3a1365000 ---p 0000f000 08:01 15341044                   /usr/lib/jvm/java-8-openjdk-amd64/jre/lib/amd64/libverify.so
7fe3a1365000-7fe3a1367000 r--p 0000e000 08:01 15341044                   /usr/lib/jvm/java-8-openjdk-amd64/jre/lib/amd64/libverify.so
7fe3a1367000-7fe3a1368000 rw-p 00010000 08:01 15341044                   /usr/lib/jvm/java-8-openjdk-amd64/jre/lib/amd64/libverify.so
7fe3a1368000-7fe3a136f000 r-xp 00000000 08:01 11534434                   /lib/x86_64-linux-gnu/librt-2.23.so
7fe3a136f000-7fe3a156e000 ---p 00007000 08:01 11534434                   /lib/x86_64-linux-gnu/librt-2.23.so
7fe3a156e000-7fe3a156f000 r--p 00006000 08:01 11534434                   /lib/x86_64-linux-gnu/librt-2.23.so
7fe3a156f000-7fe3a1570000 rw-p 00007000 08:01 11534434                   /lib/x86_64-linux-gnu/librt-2.23.so
7fe3a1570000-7fe3a1586000 r-xp 00000000 08:01 11538877                   /lib/x86_64-linux-gnu/libgcc_s.so.1
7fe3a1586000-7fe3a1785000 ---p 00016000 08:01 11538877                   /lib/x86_64-linux-gnu/libgcc_s.so.1
7fe3a1785000-7fe3a1786000 rw-p 00015000 08:01 11538877                   /lib/x86_64-linux-gnu/libgcc_s.so.1
7fe3a1786000-7fe3a188e000 r-xp 00000000 08:01 11538861                   /lib/x86_64-linux-gnu/libm-2.23.so
7fe3a188e000-7fe3a1a8d000 ---p 00108000 08:01 11538861                   /lib/x86_64-linux-gnu/libm-2.23.so
7fe3a1a8d000-7fe3a1a8e000 r--p 00107000 08:01 11538861                   /lib/x86_64-linux-gnu/libm-2.23.so
7fe3a1a8e000-7fe3a1a8f000 rw-p 00108000 08:01 11538861                   /lib/x86_64-linux-gnu/libm-2.23.so
7fe3a1a8f000-7fe3a1c01000 r-xp 00000000 08:01 15214125                   /usr/lib/x86_64-linux-gnu/libstdc++.so.6.0.21
7fe3a1c01000-7fe3a1e01000 ---p 00172000 08:01 15214125                   /usr/lib/x86_64-linux-gnu/libstdc++.so.6.0.21
7fe3a1e01000-7fe3a1e0b000 r--p 00172000 08:01 15214125                   /usr/lib/x86_64-linux-gnu/libstdc++.so.6.0.21
7fe3a1e0b000-7fe3a1e0d000 rw-p 0017c000 08:01 15214125                   /usr/lib/x86_64-linux-gnu/libstdc++.so.6.0.21
7fe3a1e0d000-7fe3a1e11000 rw-p 00000000 00:00 0 
7fe3a1e11000-7fe3a2a65000 r-xp 00000000 08:01 15341049                   /usr/lib/jvm/java-8-openjdk-amd64/jre/lib/amd64/server/libjvm.so
7fe3a2a65000-7fe3a2c65000 ---p 00c54000 08:01 15341049                   /usr/lib/jvm/java-8-openjdk-amd64/jre/lib/amd64/server/libjvm.so
7fe3a2c65000-7fe3a2cf8000 r--p 00c54000 08:01 15341049                   /usr/lib/jvm/java-8-openjdk-amd64/jre/lib/amd64/server/libjvm.so
7fe3a2cf8000-7fe3a2d21000 rw-p 00ce7000 08:01 15341049                   /usr/lib/jvm/java-8-openjdk-amd64/jre/lib/amd64/server/libjvm.so
7fe3a2d21000-7fe3a2d51000 rw-p 00000000 00:00 0 
7fe3a2d51000-7fe3a2d69000 r-xp 00000000 08:01 11534431                   /lib/x86_64-linux-gnu/libpthread-2.23.so
7fe3a2d69000-7fe3a2f68000 ---p 00018000 08:01 11534431                   /lib/x86_64-linux-gnu/libpthread-2.23.so
7fe3a2f68000-7fe3a2f69000 r--p 00017000 08:01 11534431                   /lib/x86_64-linux-gnu/libpthread-2.23.so
7fe3a2f69000-7fe3a2f6a000 rw-p 00018000 08:01 11534431                   /lib/x86_64-linux-gnu/libpthread-2.23.so
7fe3a2f6a000-7fe3a2f6e000 rw-p 00000000 00:00 0 
7fe3a2f6e000-7fe3a2f71000 r-xp 00000000 08:01 11538741                   /lib/x86_64-linux-gnu/libdl-2.23.so
7fe3a2f71000-7fe3a3170000 ---p 00003000 08:01 11538741                   /lib/x86_64-linux-gnu/libdl-2.23.so
7fe3a3170000-7fe3a3171000 r--p 00002000 08:01 11538741                   /lib/x86_64-linux-gnu/libdl-2.23.so
7fe3a3171000-7fe3a3172000 rw-p 00003000 08:01 11538741                   /lib/x86_64-linux-gnu/libdl-2.23.so
7fe3a3172000-7fe3a318b000 r-xp 00000000 08:01 11538796                   /lib/x86_64-linux-gnu/libz.so.1.2.8
7fe3a318b000-7fe3a338a000 ---p 00019000 08:01 11538796                   /lib/x86_64-linux-gnu/libz.so.1.2.8
7fe3a338a000-7fe3a338b000 r--p 00018000 08:01 11538796                   /lib/x86_64-linux-gnu/libz.so.1.2.8
7fe3a338b000-7fe3a338c000 rw-p 00019000 08:01 11538796                   /lib/x86_64-linux-gnu/libz.so.1.2.8
7fe3a338c000-7fe3a354c000 r-xp 00000000 08:01 11538928                   /lib/x86_64-linux-gnu/libc-2.23.so
7fe3a354c000-7fe3a374c000 ---p 001c0000 08:01 11538928                   /lib/x86_64-linux-gnu/libc-2.23.so
7fe3a374c000-7fe3a3750000 r--p 001c0000 08:01 11538928                   /lib/x86_64-linux-gnu/libc-2.23.so
7fe3a3750000-7fe3a3752000 rw-p 001c4000 08:01 11538928                   /lib/x86_64-linux-gnu/libc-2.23.so
7fe3a3752000-7fe3a3756000 rw-p 00000000 00:00 0 
7fe3a3756000-7fe3a3763000 r-xp 00000000 08:01 15341042                   /usr/lib/jvm/java-8-openjdk-amd64/jre/lib/amd64/jli/libjli.so
7fe3a3763000-7fe3a3963000 ---p 0000d000 08:01 15341042                   /usr/lib/jvm/java-8-openjdk-amd64/jre/lib/amd64/jli/libjli.so
7fe3a3963000-7fe3a3964000 r--p 0000d000 08:01 15341042                   /usr/lib/jvm/java-8-openjdk-amd64/jre/lib/amd64/jli/libjli.so
7fe3a3964000-7fe3a3965000 rw-p 0000e000 08:01 15341042                   /usr/lib/jvm/java-8-openjdk-amd64/jre/lib/amd64/jli/libjli.so
7fe3a3965000-7fe3a398b000 r-xp 00000000 08:01 11534426                   /lib/x86_64-linux-gnu/ld-2.23.so
7fe3a398b000-7fe3a398d000 r--s 0000a000 08:01 15731670                   /root/.gradle/caches/modules-2/files-2.1/org.jdeferred/jdeferred-core/1.2.6/e5c180cd40977c2b8211fe1f023ad87f76e3aad3/jdeferred-core-1.2.6.jar
7fe3a398d000-7fe3a398f000 r--s 00001000 08:01 15341032                   /usr/lib/jvm/java-8-openjdk-amd64/jre/lib/ext/dnsns.jar
7fe3a398f000-7fe3a39aa000 r--s 001d6000 08:01 15341029                   /usr/lib/jvm/java-8-openjdk-amd64/jre/lib/ext/nashorn.jar
7fe3a39aa000-7fe3a3a6c000 rw-p 00000000 00:00 0 
7fe3a3a6c000-7fe3a3a6f000 ---p 00000000 00:00 0 
7fe3a3a6f000-7fe3a3b72000 rw-p 00000000 00:00 0 
7fe3a3b72000-7fe3a3b73000 r--s 00010000 08:01 15341037                   /usr/lib/jvm/java-8-openjdk-amd64/jre/lib/ext/zipfs.jar
7fe3a3b73000-7fe3a3b78000 r--s 0003b000 08:01 15341034                   /usr/lib/jvm/java-8-openjdk-amd64/jre/lib/ext/sunjce_provider.jar
7fe3a3b78000-7fe3a3b79000 r--s 0000a000 08:01 15341033                   /usr/lib/jvm/java-8-openjdk-amd64/jre/lib/ext/jaccess.jar
7fe3a3b79000-7fe3a3b7b000 r--s 00008000 08:01 15341036                   /usr/lib/jvm/java-8-openjdk-amd64/jre/lib/ext/sunec.jar
7fe3a3b7b000-7fe3a3b7e000 r--s 0000f000 08:01 15341035                   /usr/lib/jvm/java-8-openjdk-amd64/jre/lib/ext/icedtea-sound.jar
7fe3a3b7e000-7fe3a3b86000 rw-s 00000000 08:01 15731662                   /tmp/hsperfdata_root/18275
7fe3a3b86000-7fe3a3b87000 rw-p 00000000 00:00 0 
7fe3a3b87000-7fe3a3b88000 r--p 00000000 00:00 0 
7fe3a3b88000-7fe3a3b8a000 rw-p 00000000 00:00 0 
7fe3a3b8a000-7fe3a3b8b000 r--p 00025000 08:01 11534426                   /lib/x86_64-linux-gnu/ld-2.23.so
7fe3a3b8b000-7fe3a3b8c000 rw-p 00026000 08:01 11534426                   /lib/x86_64-linux-gnu/ld-2.23.so
7fe3a3b8c000-7fe3a3b8d000 rw-p 00000000 00:00 0 
7ffed49ba000-7ffed49dc000 rw-p 00000000 00:00 0                          [stack]
7ffed49dc000-7ffed49de000 r--p 00000000 00:00 0                          [vvar]
7ffed49de000-7ffed49e0000 r-xp 00000000 00:00 0                          [vdso]
ffffffffff600000-ffffffffff601000 r-xp 00000000 00:00 0                  [vsyscall]

VM Arguments:
jvm_args: -agentlib:jdwp=transport=dt_socket,suspend=y,address=localhost:42131 -Dfile.encoding=UTF-8 
java_command: net.tomp2p.connection.sctp.SctpReceiverTestDriver
java_class_path (initial): /root/git/TomP2P/core/bin:/root/.gradle/caches/modules-2/files-2.1/ch.qos.logback/logback-classic/1.1.3/d90276fff414f06cb375f2057f6778cd63c6082f/logback-classic-1.1.3.jar:/root/.gradle/caches/modules-2/files-2.1/org.jdeferred/jdeferred-core/1.2.6/e5c180cd40977c2b8211fe1f023ad87f76e3aad3/jdeferred-core-1.2.6.jar:/root/.gradle/caches/modules-2/files-2.1/org.slf4j/slf4j-api/1.7.21/139535a69a4239db087de9bab0bee568bf8e0b70/slf4j-api-1.7.21.jar:/root/.gradle/caches/modules-2/files-2.1/org.projectlombok/lombok/1.16.18/557d13dcb647038dc687390711ccb5c9b3ffbd60/lombok-1.16.18.jar:/root/.gradle/caches/modules-2/files-2.1/io.netty/netty-handler/4.1.9.Final/e8caa6945995ccd03b232d6b31ee698668b47a1f/netty-handler-4.1.9.Final.jar:/root/.gradle/caches/modules-2/files-2.1/io.netty/netty-codec/4.1.9.Final/f41b5fdaaaf7b1e8de4e05be5f5b540f3b205959/netty-codec-4.1.9.Final.jar:/root/.gradle/caches/modules-2/files-2.1/io.netty/netty-transport/4.1.9.Final/aaeed88d6a5c0bfc8d7a78225f4f093544470f5a/netty-transport-4.1.9.Final.jar:/root/.gradle/caches/modules-2/files-2.1/io.netty/netty-buffer/4.1.9.Final/6ec75e26374569ec0120c63c50fb930c48270e0d/netty-buffer-4.1.9.Final.jar:/root/.gradle/caches/modules-2/files-2.1/org.apache.felix/org.osgi.core/1.4.0/fc7e9bfe0ca47736a5ed2ffcffe8b07c977c4444/org.osgi.core-1.4.0.jar:/root/.gradle/caches/modules-2/files-2.1/io.netty/netty-all/4.1.9.Final/97860965d6a0a6b98e7f569f3f966727b8db75/netty-all-4.1.9.Final.jar:/root/.gradle/caches/modules-2/files-2.1/org.javassist/javassist/3.21.0-GA/598244f595db5c5fb713731eddbb1c91a58d959b/javassist-3.21.0-GA.jar:/root/.gradle/caches/modules-2/files-2.1/net.java.dev.jna/jna/4.4.0/cb208278274bf12ebdb56c61bd7407e6f774d65a/jna-4.4.0.jar:/root/.gradle/caches/modules-2/files-2.1/io.netty/netty-resolver/4.1.9.Final/9e1f26ad1988fcbe0fc824940dfe6de9d2f438da/netty-resolver-4.1.9.Final.jar:/root/.gradle/caches/modules-2/files-2.1/io.netty/netty-common/4.1.9.Final/7c6ba17f3b9e08fbbfc000fa3ce46208446a0019/
Launcher Type: SUN_STANDARD

Environment Variables:
PATH=/usr/local/sbin:/usr/local/bin:/usr/sbin:/usr/bin:/sbin:/bin:/usr/games:/usr/local/games
USERNAME=root
SHELL=/bin/bash
DISPLAY=:0.0

Signal Handlers:
SIGSEGV: [libjvm.so+0xa6ad10], sa_mask[0]=11111111011111111101111111111110, sa_flags=SA_RESTART|SA_SIGINFO
SIGBUS: [libjvm.so+0xa6ad10], sa_mask[0]=11111111011111111101111111111110, sa_flags=SA_RESTART|SA_SIGINFO
SIGFPE: [libjvm.so+0x8b3bc0], sa_mask[0]=11111111011111111101111111111110, sa_flags=SA_RESTART|SA_SIGINFO
SIGPIPE: [libjvm.so+0x8b3bc0], sa_mask[0]=11111111011111111101111111111110, sa_flags=SA_RESTART|SA_SIGINFO
SIGXFSZ: [libjvm.so+0x8b3bc0], sa_mask[0]=11111111011111111101111111111110, sa_flags=SA_RESTART|SA_SIGINFO
SIGILL: [libjvm.so+0x8b3bc0], sa_mask[0]=11111111011111111101111111111110, sa_flags=SA_RESTART|SA_SIGINFO
SIGUSR1: SIG_DFL, sa_mask[0]=00000000000000000000000000000000, sa_flags=none
SIGUSR2: [libjvm.so+0x8b3a70], sa_mask[0]=00100000000000000000000000000000, sa_flags=SA_RESTART|SA_SIGINFO
SIGHUP: [libjvm.so+0x8b3f40], sa_mask[0]=11111111011111111101111111111110, sa_flags=SA_RESTART|SA_SIGINFO
SIGINT: [libjvm.so+0x8b3f40], sa_mask[0]=11111111011111111101111111111110, sa_flags=SA_RESTART|SA_SIGINFO
SIGTERM: [libjvm.so+0x8b3f40], sa_mask[0]=11111111011111111101111111111110, sa_flags=SA_RESTART|SA_SIGINFO
SIGQUIT: [libjvm.so+0x8b3f40], sa_mask[0]=11111111011111111101111111111110, sa_flags=SA_RESTART|SA_SIGINFO


---------------  S Y S T E M  ---------------

OS:DISTRIB_ID=Ubuntu
DISTRIB_RELEASE=16.04
DISTRIB_CODENAME=xenial
DISTRIB_DESCRIPTION="Ubuntu 16.04.3 LTS"

uname:Linux 4.8.0-58-generic #63~16.04.1-Ubuntu SMP Mon Jun 26 18:08:51 UTC 2017 x86_64
libc:glibc 2.23 NPTL 2.23 
rlimit: STACK 8192k, CORE 0k, NPROC 24337, NOFILE 1048576, AS infinity
load average:0.17 0.29 0.32

/proc/meminfo:
MemTotal:        6273360 kB
MemFree:          739652 kB
MemAvailable:    2893116 kB
Buffers:          103472 kB
Cached:          2345132 kB
SwapCached:            0 kB
Active:          3910200 kB
Inactive:        1359960 kB
Active(anon):    2824208 kB
Inactive(anon):   132212 kB
Active(file):    1085992 kB
Inactive(file):  1227748 kB
Unevictable:          32 kB
Mlocked:              32 kB
SwapTotal:       6456316 kB
SwapFree:        6456316 kB
Dirty:               676 kB
Writeback:             0 kB
AnonPages:       2615064 kB
Mapped:           332928 kB
Shmem:            134848 kB
Slab:             156324 kB
SReclaimable:     122196 kB
SUnreclaim:        34128 kB
KernelStack:        9552 kB
PageTables:        31620 kB
NFS_Unstable:          0 kB
Bounce:                0 kB
WritebackTmp:          0 kB
CommitLimit:     9592996 kB
Committed_AS:    5765368 kB
VmallocTotal:   34359738367 kB
VmallocUsed:           0 kB
VmallocChunk:          0 kB
HardwareCorrupted:     0 kB
AnonHugePages:   1515520 kB
ShmemHugePages:        0 kB
ShmemPmdMapped:        0 kB
CmaTotal:              0 kB
CmaFree:               0 kB
HugePages_Total:       0
HugePages_Free:        0
HugePages_Rsvd:        0
HugePages_Surp:        0
Hugepagesize:       2048 kB
DirectMap4k:      108368 kB
DirectMap2M:     6350848 kB


CPU:total 4 (initial active 4) (2 cores per cpu, 2 threads per core) family 6 model 58 stepping 9, cmov, cx8, fxsr, mmx, sse, sse2, sse3, ssse3, sse4.1, sse4.2, popcnt, avx, aes, clmul, erms, ht, tsc, tscinvbit, tscinv

/proc/cpuinfo:
processor	: 0
vendor_id	: GenuineIntel
cpu family	: 6
model		: 58
model name	: Intel(R) Core(TM) i7-3520M CPU @ 2.90GHz
stepping	: 9
microcode	: 0x1b
cpu MHz		: 3399.853
cache size	: 4096 KB
physical id	: 0
siblings	: 4
core id		: 0
cpu cores	: 2
apicid		: 0
initial apicid	: 0
fpu		: yes
fpu_exception	: yes
cpuid level	: 13
wp		: yes
flags		: fpu vme de pse tsc msr pae mce cx8 apic sep mtrr pge mca cmov pat pse36 clflush dts acpi mmx fxsr sse sse2 ss ht tm pbe syscall nx rdtscp lm constant_tsc arch_perfmon pebs bts rep_good nopl xtopology nonstop_tsc aperfmperf eagerfpu pni pclmulqdq dtes64 monitor ds_cpl vmx smx est tm2 ssse3 cx16 xtpr pdcm pcid sse4_1 sse4_2 x2apic popcnt tsc_deadline_timer aes xsave avx f16c rdrand lahf_lm epb tpr_shadow vnmi flexpriority ept vpid fsgsbase smep erms xsaveopt dtherm ida arat pln pts
bugs		:
bogomips	: 5786.98
clflush size	: 64
cache_alignment	: 64
address sizes	: 36 bits physical, 48 bits virtual
power management:

processor	: 1
vendor_id	: GenuineIntel
cpu family	: 6
model		: 58
model name	: Intel(R) Core(TM) i7-3520M CPU @ 2.90GHz
stepping	: 9
microcode	: 0x1b
cpu MHz		: 3424.987
cache size	: 4096 KB
physical id	: 0
siblings	: 4
core id		: 0
cpu cores	: 2
apicid		: 1
initial apicid	: 1
fpu		: yes
fpu_exception	: yes
cpuid level	: 13
wp		: yes
flags		: fpu vme de pse tsc msr pae mce cx8 apic sep mtrr pge mca cmov pat pse36 clflush dts acpi mmx fxsr sse sse2 ss ht tm pbe syscall nx rdtscp lm constant_tsc arch_perfmon pebs bts rep_good nopl xtopology nonstop_tsc aperfmperf eagerfpu pni pclmulqdq dtes64 monitor ds_cpl vmx smx est tm2 ssse3 cx16 xtpr pdcm pcid sse4_1 sse4_2 x2apic popcnt tsc_deadline_timer aes xsave avx f16c rdrand lahf_lm epb tpr_shadow vnmi flexpriority ept vpid fsgsbase smep erms xsaveopt dtherm ida arat pln pts
bugs		:
bogomips	: 5786.98
clflush size	: 64
cache_alignment	: 64
address sizes	: 36 bits physical, 48 bits virtual
power management:

processor	: 2
vendor_id	: GenuineIntel
cpu family	: 6
model		: 58
model name	: Intel(R) Core(TM) i7-3520M CPU @ 2.90GHz
stepping	: 9
microcode	: 0x1b
cpu MHz		: 3399.853
cache size	: 4096 KB
physical id	: 0
siblings	: 4
core id		: 1
cpu cores	: 2
apicid		: 2
initial apicid	: 2
fpu		: yes
fpu_exception	: yes
cpuid level	: 13
wp		: yes
flags		: fpu vme de pse tsc msr pae mce cx8 apic sep mtrr pge mca cmov pat pse36 clflush dts acpi mmx fxsr sse sse2 ss ht tm pbe syscall nx rdtscp lm constant_tsc arch_perfmon pebs bts rep_good nopl xtopology nonstop_tsc aperfmperf eagerfpu pni pclmulqdq dtes64 monitor ds_cpl vmx smx est tm2 ssse3 cx16 xtpr pdcm pcid sse4_1 sse4_2 x2apic popcnt tsc_deadline_timer aes xsave avx f16c rdrand lahf_lm epb tpr_shadow vnmi flexpriority ept vpid fsgsbase smep erms xsaveopt dtherm ida arat pln pts
bugs		:
bogomips	: 5786.98
clflush size	: 64
cache_alignment	: 64
address sizes	: 36 bits physical, 48 bits virtual
power management:

processor	: 3
vendor_id	: GenuineIntel
cpu family	: 6
model		: 58
model name	: Intel(R) Core(TM) i7-3520M CPU @ 2.90GHz
stepping	: 9
microcode	: 0x1b
cpu MHz		: 3399.853
cache size	: 4096 KB
physical id	: 0
siblings	: 4
core id		: 1
cpu cores	: 2
apicid		: 3
initial apicid	: 3
fpu		: yes
fpu_exception	: yes
cpuid level	: 13
wp		: yes
flags		: fpu vme de pse tsc msr pae mce cx8 apic sep mtrr pge mca cmov pat pse36 clflush dts acpi mmx fxsr sse sse2 ss ht tm pbe syscall nx rdtscp lm constant_tsc arch_perfmon pebs bts rep_good nopl xtopology nonstop_tsc aperfmperf eagerfpu pni pclmulqdq dtes64 monitor ds_cpl vmx smx est tm2 ssse3 cx16 xtpr pdcm pcid sse4_1 sse4_2 x2apic popcnt tsc_deadline_timer aes xsave avx f16c rdrand lahf_lm epb tpr_shadow vnmi flexpriority ept vpid fsgsbase smep erms xsaveopt dtherm ida arat pln pts
bugs		:
bogomips	: 5786.98
clflush size	: 64
cache_alignment	: 64
address sizes	: 36 bits physical, 48 bits virtual
power management:



Memory: 4k page, physical 6273360k(739652k free), swap 6456316k(6456316k free)

vm_info: OpenJDK 64-Bit Server VM (25.131-b11) for linux-amd64 JRE (1.8.0_131-8u131-b11-2ubuntu1.16.04.3-b11), built on Jul 28 2017 01:23:32 by "buildd" with gcc 5.4.0 20160609

time: Tue Aug  8 14:00:36 2017
elapsed time: 0 seconds (0d 0h 0m 0s)

